#! /usr/bin/vvp
:ivl_version "11.0 (stable)";
:ivl_delay_selection "TYPICAL";
:vpi_time_precision - 12;
:vpi_module "/usr/lib/x86_64-linux-gnu/ivl/system.vpi";
:vpi_module "/usr/lib/x86_64-linux-gnu/ivl/vhdl_sys.vpi";
:vpi_module "/usr/lib/x86_64-linux-gnu/ivl/vhdl_textio.vpi";
:vpi_module "/usr/lib/x86_64-linux-gnu/ivl/v2005_math.vpi";
:vpi_module "/usr/lib/x86_64-linux-gnu/ivl/va_math.vpi";
S_0x55b72aa1ad90 .scope module, "free_ptr_fifo" "free_ptr_fifo" 2 23;
 .timescale -9 -12;
    .port_info 0 /INPUT 1 "clk";
    .port_info 1 /INPUT 1 "rst_n";
    .port_info 2 /INPUT 1 "rd";
    .port_info 3 /INPUT 1 "wr";
    .port_info 4 /INPUT 8 "w_data";
    .port_info 5 /OUTPUT 8 "r_data";
    .port_info 6 /OUTPUT 1 "empty";
    .port_info 7 /OUTPUT 1 "full";
P_0x55b72aa54b60 .param/l "DATA_BIT" 0 2 25, +C4<00000000000000000000000000001000>;
L_0x55b72aa742a0 .functor BUFZ 8, L_0x55b72aa740f0, C4<00000000>, C4<00000000>, C4<00000000>;
L_0x55b72aa74360 .functor NOT 1, v0x55b72aa73280_0, C4<0>, C4<0>, C4<0>;
o0x7f090c9ee438 .functor BUFZ 1, C4<z>; HiZ drive
L_0x55b72aa743d0 .functor AND 1, o0x7f090c9ee438, L_0x55b72aa74360, C4<1>, C4<1>;
L_0x55b72aa744f0 .functor BUFZ 1, v0x55b72aa73280_0, C4<0>, C4<0>, C4<0>;
L_0x55b72aa745e0 .functor BUFZ 1, v0x55b72aa73040_0, C4<0>, C4<0>, C4<0>;
v0x55b72aa1b0e0_0 .net *"_ivl_0", 7 0, L_0x55b72aa740f0;  1 drivers
v0x55b72aa72b30_0 .net *"_ivl_2", 9 0, L_0x55b72aa741b0;  1 drivers
L_0x7f090c9a5018 .functor BUFT 1, C4<00>, C4<0>, C4<0>, C4<0>;
v0x55b72aa72c10_0 .net *"_ivl_5", 1 0, L_0x7f090c9a5018;  1 drivers
v0x55b72aa72cd0_0 .net *"_ivl_8", 0 0, L_0x55b72aa74360;  1 drivers
v0x55b72aa72db0 .array "array_reg", 0 255, 7 0;
o0x7f090c9ee0d8 .functor BUFZ 1, C4<z>; HiZ drive
v0x55b72aa72ec0_0 .net "clk", 0 0, o0x7f090c9ee0d8;  0 drivers
v0x55b72aa72f80_0 .net "empty", 0 0, L_0x55b72aa745e0;  1 drivers
v0x55b72aa73040_0 .var "empty_reg", 0 0;
v0x55b72aa73100_0 .var "empty_reg_n", 0 0;
v0x55b72aa731c0_0 .net "full", 0 0, L_0x55b72aa744f0;  1 drivers
v0x55b72aa73280_0 .var "full_reg", 0 0;
v0x55b72aa73340_0 .var "full_reg_n", 0 0;
v0x55b72aa73400_0 .var/i "i", 31 0;
v0x55b72aa734e0_0 .net "r_data", 7 0, L_0x55b72aa742a0;  1 drivers
v0x55b72aa735c0_0 .var "r_prt_n", 7 0;
v0x55b72aa736a0_0 .var "r_prt_reg", 7 0;
v0x55b72aa73780_0 .var "r_prt_succ", 7 0;
o0x7f090c9ee318 .functor BUFZ 1, C4<z>; HiZ drive
v0x55b72aa73970_0 .net "rd", 0 0, o0x7f090c9ee318;  0 drivers
o0x7f090c9ee348 .functor BUFZ 1, C4<z>; HiZ drive
v0x55b72aa73a30_0 .net "rst_n", 0 0, o0x7f090c9ee348;  0 drivers
o0x7f090c9ee378 .functor BUFZ 8, C4<zzzzzzzz>; HiZ drive
v0x55b72aa73af0_0 .net "w_data", 7 0, o0x7f090c9ee378;  0 drivers
v0x55b72aa73bd0_0 .var "w_prt_n", 7 0;
v0x55b72aa73cb0_0 .var "w_prt_reg", 7 0;
v0x55b72aa73d90_0 .var "w_prt_succ", 7 0;
v0x55b72aa73e70_0 .net "wr", 0 0, o0x7f090c9ee438;  0 drivers
v0x55b72aa73f30_0 .net "wr_en", 0 0, L_0x55b72aa743d0;  1 drivers
E_0x55b72aa53bc0/0 .event edge, v0x55b72aa73cb0_0, v0x55b72aa736a0_0, v0x55b72aa73280_0, v0x55b72aa73040_0;
E_0x55b72aa53bc0/1 .event edge, v0x55b72aa73970_0, v0x55b72aa73e70_0, v0x55b72aa73d90_0, v0x55b72aa73780_0;
E_0x55b72aa53bc0 .event/or E_0x55b72aa53bc0/0, E_0x55b72aa53bc0/1;
E_0x55b72aa56930/0 .event negedge, v0x55b72aa73a30_0;
E_0x55b72aa56930/1 .event posedge, v0x55b72aa72ec0_0;
E_0x55b72aa56930 .event/or E_0x55b72aa56930/0, E_0x55b72aa56930/1;
E_0x55b72aa3ea30 .event posedge, v0x55b72aa72ec0_0;
L_0x55b72aa740f0 .array/port v0x55b72aa72db0, L_0x55b72aa741b0;
L_0x55b72aa741b0 .concat [ 8 2 0 0], v0x55b72aa736a0_0, L_0x7f090c9a5018;
    .scope S_0x55b72aa1ad90;
T_0 ;
    %pushi/vec4 0, 0, 32;
    %store/vec4 v0x55b72aa73400_0, 0, 32;
T_0.0 ;
    %load/vec4 v0x55b72aa73400_0;
    %cmpi/s 256, 0, 32;
    %jmp/0xz T_0.1, 5;
    %load/vec4 v0x55b72aa73400_0;
    %pad/s 8;
    %ix/getv/s 4, v0x55b72aa73400_0;
    %store/vec4a v0x55b72aa72db0, 4, 0;
    %load/vec4 v0x55b72aa73400_0;
    %addi 1, 0, 32;
    %store/vec4 v0x55b72aa73400_0, 0, 32;
    %jmp T_0.0;
T_0.1 ;
    %end;
    .thread T_0;
    .scope S_0x55b72aa1ad90;
T_1 ;
    %wait E_0x55b72aa3ea30;
    %load/vec4 v0x55b72aa73f30_0;
    %flag_set/vec4 8;
    %jmp/0xz  T_1.0, 8;
    %load/vec4 v0x55b72aa73af0_0;
    %load/vec4 v0x55b72aa73cb0_0;
    %pad/u 10;
    %ix/vec4 3;
    %ix/load 4, 0, 0; Constant delay
    %assign/vec4/a/d v0x55b72aa72db0, 0, 4;
T_1.0 ;
    %jmp T_1;
    .thread T_1;
    .scope S_0x55b72aa1ad90;
T_2 ;
    %wait E_0x55b72aa56930;
    %load/vec4 v0x55b72aa73a30_0;
    %nor/r;
    %flag_set/vec4 8;
    %jmp/0xz  T_2.0, 8;
    %pushi/vec4 0, 0, 8;
    %assign/vec4 v0x55b72aa73cb0_0, 0;
    %pushi/vec4 0, 0, 8;
    %assign/vec4 v0x55b72aa736a0_0, 0;
    %pushi/vec4 1, 0, 1;
    %assign/vec4 v0x55b72aa73280_0, 0;
    %pushi/vec4 0, 0, 1;
    %assign/vec4 v0x55b72aa73040_0, 0;
    %jmp T_2.1;
T_2.0 ;
    %load/vec4 v0x55b72aa73bd0_0;
    %assign/vec4 v0x55b72aa73cb0_0, 0;
    %load/vec4 v0x55b72aa735c0_0;
    %assign/vec4 v0x55b72aa736a0_0, 0;
    %load/vec4 v0x55b72aa73340_0;
    %assign/vec4 v0x55b72aa73280_0, 0;
    %load/vec4 v0x55b72aa73100_0;
    %assign/vec4 v0x55b72aa73040_0, 0;
T_2.1 ;
    %jmp T_2;
    .thread T_2;
    .scope S_0x55b72aa1ad90;
T_3 ;
    %wait E_0x55b72aa53bc0;
    %load/vec4 v0x55b72aa73cb0_0;
    %addi 1, 0, 8;
    %store/vec4 v0x55b72aa73d90_0, 0, 8;
    %load/vec4 v0x55b72aa736a0_0;
    %addi 1, 0, 8;
    %store/vec4 v0x55b72aa73780_0, 0, 8;
    %load/vec4 v0x55b72aa73cb0_0;
    %store/vec4 v0x55b72aa73bd0_0, 0, 8;
    %load/vec4 v0x55b72aa736a0_0;
    %store/vec4 v0x55b72aa735c0_0, 0, 8;
    %load/vec4 v0x55b72aa73280_0;
    %store/vec4 v0x55b72aa73340_0, 0, 1;
    %load/vec4 v0x55b72aa73040_0;
    %store/vec4 v0x55b72aa73100_0, 0, 1;
    %load/vec4 v0x55b72aa73970_0;
    %load/vec4 v0x55b72aa73e70_0;
    %concat/vec4; draw_concat_vec4
    %dup/vec4;
    %pushi/vec4 1, 0, 2;
    %cmp/u;
    %jmp/1 T_3.0, 6;
    %dup/vec4;
    %pushi/vec4 2, 0, 2;
    %cmp/u;
    %jmp/1 T_3.1, 6;
    %dup/vec4;
    %pushi/vec4 3, 0, 2;
    %cmp/u;
    %jmp/1 T_3.2, 6;
    %jmp T_3.3;
T_3.0 ;
    %load/vec4 v0x55b72aa73280_0;
    %inv;
    %flag_set/vec4 8;
    %jmp/0xz  T_3.4, 8;
    %load/vec4 v0x55b72aa73d90_0;
    %store/vec4 v0x55b72aa73bd0_0, 0, 8;
    %pushi/vec4 0, 0, 1;
    %store/vec4 v0x55b72aa73100_0, 0, 1;
    %load/vec4 v0x55b72aa73d90_0;
    %load/vec4 v0x55b72aa736a0_0;
    %cmp/e;
    %jmp/0xz  T_3.6, 4;
    %pushi/vec4 1, 0, 1;
    %store/vec4 v0x55b72aa73340_0, 0, 1;
T_3.6 ;
T_3.4 ;
    %jmp T_3.3;
T_3.1 ;
    %load/vec4 v0x55b72aa73040_0;
    %inv;
    %flag_set/vec4 8;
    %jmp/0xz  T_3.8, 8;
    %load/vec4 v0x55b72aa73780_0;
    %store/vec4 v0x55b72aa735c0_0, 0, 8;
    %pushi/vec4 0, 0, 1;
    %store/vec4 v0x55b72aa73340_0, 0, 1;
    %load/vec4 v0x55b72aa73780_0;
    %load/vec4 v0x55b72aa73cb0_0;
    %cmp/e;
    %jmp/0xz  T_3.10, 4;
    %pushi/vec4 1, 0, 1;
    %store/vec4 v0x55b72aa73100_0, 0, 1;
T_3.10 ;
T_3.8 ;
    %jmp T_3.3;
T_3.2 ;
    %load/vec4 v0x55b72aa73d90_0;
    %store/vec4 v0x55b72aa73bd0_0, 0, 8;
    %load/vec4 v0x55b72aa73780_0;
    %store/vec4 v0x55b72aa735c0_0, 0, 8;
    %jmp T_3.3;
T_3.3 ;
    %pop/vec4 1;
    %jmp T_3;
    .thread T_3, $push;
# The file index is used to find the file name in the following table.
:file_names 3;
    "N/A";
    "<interactive>";
    "free_ptr_fifo.v";
