#! /usr/bin/vvp
:ivl_version "11.0 (stable)";
:ivl_delay_selection "TYPICAL";
:vpi_time_precision - 12;
:vpi_module "/usr/lib/x86_64-linux-gnu/ivl/system.vpi";
:vpi_module "/usr/lib/x86_64-linux-gnu/ivl/vhdl_sys.vpi";
:vpi_module "/usr/lib/x86_64-linux-gnu/ivl/vhdl_textio.vpi";
:vpi_module "/usr/lib/x86_64-linux-gnu/ivl/v2005_math.vpi";
:vpi_module "/usr/lib/x86_64-linux-gnu/ivl/va_math.vpi";
S_0x55b9b9cc45b0 .scope module, "voq_tb" "voq_tb" 2 3;
 .timescale -9 -9;
v0x55b9b9cf2950_0 .var "clk", 0 0;
v0x55b9b9cf29f0_0 .var/i "i", 31 0;
v0x55b9b9cf2ab0_0 .var/i "j", 31 0;
v0x55b9b9cf2ba0_0 .var "rd_client", 1 0;
v0x55b9b9cf2c90_0 .net "rd_data", 7 0, L_0x55b9b9cf71b0;  1 drivers
v0x55b9b9cf2d30_0 .var "rd_en", 0 0;
v0x55b9b9cf2e00_0 .var "rst_n", 0 0;
v0x55b9b9cf2ea0_0 .var "wr_client", 1 0;
v0x55b9b9cf2f70_0 .var "wr_data", 7 0;
v0x55b9b9cf3040_0 .var "wr_en", 0 0;
S_0x55b9b9ca7280 .scope module, "voq_tb" "voq" 2 20, 3 3 0, S_0x55b9b9cc45b0;
 .timescale -9 -12;
    .port_info 0 /INPUT 1 "clk";
    .port_info 1 /INPUT 1 "rst_n";
    .port_info 2 /INPUT 8 "wr_data";
    .port_info 3 /INPUT 1 "wr_en";
    .port_info 4 /INPUT 2 "wr_client";
    .port_info 5 /OUTPUT 8 "rd_data";
    .port_info 6 /INPUT 1 "rd_en";
    .port_info 7 /INPUT 2 "rd_client";
    .port_info 8 /OUTPUT 4 "queue_empty";
    .port_info 9 /OUTPUT 1 "queue_full";
P_0x55b9b9ca6410 .param/l "DATA_WIDTH" 0 3 5, +C4<00000000000000000000000000001000>;
P_0x55b9b9ca6450 .param/l "DEPTH" 0 3 6, +C4<00000000000000000000000000010100>;
P_0x55b9b9ca6490 .param/l "QUEUE_NUB" 0 3 7, +C4<00000000000000000000000000000100>;
L_0x55b9b9cf6ed0 .functor BUFZ 8, v0x55b9b9cf2f70_0, C4<00000000>, C4<00000000>, C4<00000000>;
L_0x55b9b9cf6fe0 .functor BUFZ 1, v0x55b9b9cf3040_0, C4<0>, C4<0>, C4<0>;
L_0x55b9b9cf70a0 .functor BUFZ 1, v0x55b9b9cf2d30_0, C4<0>, C4<0>, C4<0>;
L_0x55b9b9cf71b0 .functor BUFZ 8, v0x55b9b9cf0380_0, C4<00000000>, C4<00000000>, C4<00000000>;
L_0x55b9b9cf78b0 .functor BUFZ 1, v0x55b9b9cf3040_0, C4<0>, C4<0>, C4<0>;
L_0x55b9b9cf7970 .functor BUFZ 5, L_0x55b9b9cf74a0, C4<00000>, C4<00000>, C4<00000>;
L_0x55b9b9cf7a70 .functor BUFZ 5, L_0x55b9b9cf7e20, C4<00000>, C4<00000>, C4<00000>;
L_0x55b9b9cf7b80 .functor BUFZ 1, v0x55b9b9cf2d30_0, C4<0>, C4<0>, C4<0>;
L_0x55b9b9cf7e20 .functor BUFZ 5, L_0x55b9b9cf7c40, C4<00000>, C4<00000>, C4<00000>;
v0x55b9b9cf08c0_0 .net *"_ivl_25", 4 0, L_0x55b9b9cf7c40;  1 drivers
v0x55b9b9cf09c0_0 .net *"_ivl_27", 3 0, L_0x55b9b9cf7ce0;  1 drivers
L_0x7f43e27a5840 .functor BUFT 1, C4<00>, C4<0>, C4<0>, C4<0>;
v0x55b9b9cf0aa0_0 .net *"_ivl_30", 1 0, L_0x7f43e27a5840;  1 drivers
v0x55b9b9cf0b60_0 .net "clk", 0 0, v0x55b9b9cf2950_0;  1 drivers
v0x55b9b9cf0c00_0 .net "free_ptr_empty", 0 0, L_0x55b9b9cf77f0;  1 drivers
v0x55b9b9cf0ca0_0 .net "free_ptr_full", 0 0, L_0x55b9b9cf76e0;  1 drivers
v0x55b9b9cf0d70_0 .net "free_ptr_r_data", 4 0, L_0x55b9b9cf74a0;  1 drivers
v0x55b9b9cf0e40_0 .net "free_ptr_rd", 0 0, L_0x55b9b9cf78b0;  1 drivers
v0x55b9b9cf0f10_0 .net "free_ptr_w_data", 4 0, L_0x55b9b9cf7a70;  1 drivers
v0x55b9b9cf0fe0_0 .net "free_ptr_wr", 0 0, L_0x55b9b9cf7b80;  1 drivers
v0x55b9b9cf10b0_0 .var/i "n", 31 0;
v0x55b9b9cf1150 .array "ptrqueue_empty", 0 3;
v0x55b9b9cf1150_0 .net v0x55b9b9cf1150 0, 0 0, v0x55b9b9ce72d0_0; 1 drivers
v0x55b9b9cf1150_1 .net v0x55b9b9cf1150 1, 0 0, v0x55b9b9ce95c0_0; 1 drivers
v0x55b9b9cf1150_2 .net v0x55b9b9cf1150 2, 0 0, v0x55b9b9cebaf0_0; 1 drivers
v0x55b9b9cf1150_3 .net v0x55b9b9cf1150 3, 0 0, v0x55b9b9cee270_0; 1 drivers
v0x55b9b9cf12e0 .array "ptrqueue_full", 0 3;
v0x55b9b9cf12e0_0 .net v0x55b9b9cf12e0 0, 0 0, L_0x55b9b9ca8880; 1 drivers
v0x55b9b9cf12e0_1 .net v0x55b9b9cf12e0 1, 0 0, L_0x55b9b9cf4380; 1 drivers
v0x55b9b9cf12e0_2 .net v0x55b9b9cf12e0 2, 0 0, L_0x55b9b9cf52f0; 1 drivers
v0x55b9b9cf12e0_3 .net v0x55b9b9cf12e0 3, 0 0, L_0x55b9b9cf6240; 1 drivers
v0x55b9b9cf1470 .array "ptrqueue_in", 0 3;
v0x55b9b9cf1470_0 .net v0x55b9b9cf1470 0, 4 0, L_0x55b9b9c9efa0; 1 drivers
v0x55b9b9cf1470_1 .net v0x55b9b9cf1470 1, 4 0, L_0x55b9b9cf4d50; 1 drivers
v0x55b9b9cf1470_2 .net v0x55b9b9cf1470 2, 4 0, L_0x55b9b9cf5cb0; 1 drivers
v0x55b9b9cf1470_3 .net v0x55b9b9cf1470 3, 4 0, L_0x55b9b9cf6bc0; 1 drivers
v0x55b9b9cf1600 .array "ptrqueue_out", 0 3;
v0x55b9b9cf1600_0 .net v0x55b9b9cf1600 0, 4 0, L_0x55b9b9cbc9f0; 1 drivers
v0x55b9b9cf1600_1 .net v0x55b9b9cf1600 1, 4 0, L_0x55b9b9cf40f0; 1 drivers
v0x55b9b9cf1600_2 .net v0x55b9b9cf1600 2, 4 0, L_0x55b9b9cf5060; 1 drivers
v0x55b9b9cf1600_3 .net v0x55b9b9cf1600 3, 4 0, L_0x55b9b9cf5fb0; 1 drivers
v0x55b9b9cf1790 .array "ptrqueue_rd", 0 3;
v0x55b9b9cf1790_0 .net v0x55b9b9cf1790 0, 0 0, L_0x55b9b9cf3810; 1 drivers
v0x55b9b9cf1790_1 .net v0x55b9b9cf1790 1, 0 0, L_0x55b9b9cf47c0; 1 drivers
v0x55b9b9cf1790_2 .net v0x55b9b9cf1790 2, 0 0, L_0x55b9b9cf5730; 1 drivers
v0x55b9b9cf1790_3 .net v0x55b9b9cf1790 3, 0 0, L_0x55b9b9cf6640; 1 drivers
v0x55b9b9cf1920 .array "ptrqueue_wr", 0 3;
v0x55b9b9cf1920_0 .net v0x55b9b9cf1920 0, 0 0, L_0x55b9b9cf3ca0; 1 drivers
v0x55b9b9cf1920_1 .net v0x55b9b9cf1920 1, 0 0, L_0x55b9b9cf4bd0; 1 drivers
v0x55b9b9cf1920_2 .net v0x55b9b9cf1920 2, 0 0, L_0x55b9b9cf5aa0; 1 drivers
v0x55b9b9cf1920_3 .net v0x55b9b9cf1920 3, 0 0, L_0x55b9b9cf6a40; 1 drivers
v0x55b9b9cf1bc0_0 .net "queue_empty", 3 0, L_0x55b9b9cf6c80;  1 drivers
v0x55b9b9cf1c60_0 .var "queue_full", 0 0;
v0x55b9b9cf1d00_0 .net "rd_client", 1 0, v0x55b9b9cf2ba0_0;  1 drivers
v0x55b9b9cf1da0_0 .net "rd_data", 7 0, L_0x55b9b9cf71b0;  alias, 1 drivers
v0x55b9b9cf1e40_0 .net "rd_en", 0 0, v0x55b9b9cf2d30_0;  1 drivers
v0x55b9b9cf1ee0_0 .var "rd_en_rr", 0 0;
v0x55b9b9cf1f80_0 .net "rst_n", 0 0, v0x55b9b9cf2e00_0;  1 drivers
v0x55b9b9cf2020_0 .net "sram_rd_addr", 4 0, L_0x55b9b9cf7e20;  1 drivers
v0x55b9b9cf20f0_0 .net "sram_rd_data", 7 0, v0x55b9b9cf0380_0;  1 drivers
v0x55b9b9cf21c0_0 .net "sram_rd_en", 0 0, L_0x55b9b9cf70a0;  1 drivers
v0x55b9b9cf2290_0 .net "sram_wr_addr", 4 0, L_0x55b9b9cf7970;  1 drivers
v0x55b9b9cf2360_0 .net "sram_wr_data", 7 0, L_0x55b9b9cf6ed0;  1 drivers
v0x55b9b9cf2430_0 .net "sram_wr_en", 0 0, L_0x55b9b9cf6fe0;  1 drivers
v0x55b9b9cf2500_0 .net "wr_client", 1 0, v0x55b9b9cf2ea0_0;  1 drivers
v0x55b9b9cf25a0_0 .net "wr_data", 7 0, v0x55b9b9cf2f70_0;  1 drivers
v0x55b9b9cf2640_0 .net "wr_en", 0 0, v0x55b9b9cf3040_0;  1 drivers
E_0x55b9b9c72020/0 .event edge, v0x55b9b9ce7450_0, v0x55b9b9ce9740_0, v0x55b9b9cebc70_0, v0x55b9b9cee480_0;
E_0x55b9b9c72020/1 .event edge, v0x55b9b9cf1c60_0;
E_0x55b9b9c72020 .event/or E_0x55b9b9c72020/0, E_0x55b9b9c72020/1;
L_0x55b9b9cf6c80 .concat8 [ 1 1 1 1], L_0x55b9b9c9fc00, L_0x55b9b9cf4e10, L_0x55b9b9cf5db0, L_0x55b9b9cf6e10;
L_0x55b9b9cf7c40 .array/port v0x55b9b9cf1600, L_0x55b9b9cf7ce0;
L_0x55b9b9cf7ce0 .concat [ 2 2 0 0], v0x55b9b9cf2ba0_0, L_0x7f43e27a5840;
S_0x55b9b9cb1880 .scope module, "free_ptr_fifo" "free_ptr_fifo" 3 76, 4 23 0, S_0x55b9b9ca7280;
 .timescale -9 -12;
    .port_info 0 /INPUT 1 "clk";
    .port_info 1 /INPUT 1 "rst_n";
    .port_info 2 /INPUT 1 "rd";
    .port_info 3 /INPUT 1 "wr";
    .port_info 4 /INPUT 5 "w_data";
    .port_info 5 /OUTPUT 5 "r_data";
    .port_info 6 /OUTPUT 1 "empty";
    .port_info 7 /OUTPUT 1 "full";
P_0x55b9b9cb4f70 .param/l "DATA_BIT" 0 4 25, +C4<00000000000000000000000000000101>;
L_0x55b9b9cf74a0 .functor BUFZ 5, L_0x55b9b9cf72c0, C4<00000>, C4<00000>, C4<00000>;
L_0x55b9b9cf7560 .functor NOT 1, v0x55b9b9ce5c20_0, C4<0>, C4<0>, C4<0>;
L_0x55b9b9cf75d0 .functor AND 1, L_0x55b9b9cf7b80, L_0x55b9b9cf7560, C4<1>, C4<1>;
L_0x55b9b9cf76e0 .functor BUFZ 1, v0x55b9b9ce5c20_0, C4<0>, C4<0>, C4<0>;
L_0x55b9b9cf77f0 .functor BUFZ 1, v0x55b9b9ce59e0_0, C4<0>, C4<0>, C4<0>;
v0x55b9b9cb3200_0 .net *"_ivl_0", 4 0, L_0x55b9b9cf72c0;  1 drivers
v0x55b9b9ca89a0_0 .net *"_ivl_2", 6 0, L_0x55b9b9cf7360;  1 drivers
L_0x7f43e27a57f8 .functor BUFT 1, C4<00>, C4<0>, C4<0>, C4<0>;
v0x55b9b9ca97b0_0 .net *"_ivl_5", 1 0, L_0x7f43e27a57f8;  1 drivers
v0x55b9b9ca9850_0 .net *"_ivl_8", 0 0, L_0x55b9b9cf7560;  1 drivers
v0x55b9b9c9f0c0 .array "array_reg", 0 31, 4 0;
v0x55b9b9c9fd20_0 .net "clk", 0 0, v0x55b9b9cf2950_0;  alias, 1 drivers
v0x55b9b9c9fdc0_0 .net "empty", 0 0, L_0x55b9b9cf77f0;  alias, 1 drivers
v0x55b9b9ce59e0_0 .var "empty_reg", 0 0;
v0x55b9b9ce5aa0_0 .var "empty_reg_n", 0 0;
v0x55b9b9ce5b60_0 .net "full", 0 0, L_0x55b9b9cf76e0;  alias, 1 drivers
v0x55b9b9ce5c20_0 .var "full_reg", 0 0;
v0x55b9b9ce5ce0_0 .var "full_reg_n", 0 0;
v0x55b9b9ce5da0_0 .var/i "i", 31 0;
v0x55b9b9ce5e80_0 .net "r_data", 4 0, L_0x55b9b9cf74a0;  alias, 1 drivers
v0x55b9b9ce5f60_0 .var "r_prt_n", 4 0;
v0x55b9b9ce6040_0 .var "r_prt_reg", 4 0;
v0x55b9b9ce6120_0 .var "r_prt_succ", 4 0;
v0x55b9b9ce6200_0 .net "rd", 0 0, L_0x55b9b9cf78b0;  alias, 1 drivers
v0x55b9b9ce62c0_0 .net "rst_n", 0 0, v0x55b9b9cf2e00_0;  alias, 1 drivers
v0x55b9b9ce6380_0 .net "w_data", 4 0, L_0x55b9b9cf7a70;  alias, 1 drivers
v0x55b9b9ce6460_0 .var "w_prt_n", 4 0;
v0x55b9b9ce6540_0 .var "w_prt_reg", 4 0;
v0x55b9b9ce6620_0 .var "w_prt_succ", 4 0;
v0x55b9b9ce6700_0 .net "wr", 0 0, L_0x55b9b9cf7b80;  alias, 1 drivers
v0x55b9b9ce67c0_0 .net "wr_en", 0 0, L_0x55b9b9cf75d0;  1 drivers
E_0x55b9b9c70270/0 .event edge, v0x55b9b9ce6540_0, v0x55b9b9ce6040_0, v0x55b9b9ce5c20_0, v0x55b9b9ce59e0_0;
E_0x55b9b9c70270/1 .event edge, v0x55b9b9ce6200_0, v0x55b9b9ce6700_0, v0x55b9b9ce6620_0, v0x55b9b9ce6120_0;
E_0x55b9b9c70270 .event/or E_0x55b9b9c70270/0, E_0x55b9b9c70270/1;
E_0x55b9b9c72f90/0 .event negedge, v0x55b9b9ce62c0_0;
E_0x55b9b9c72f90/1 .event posedge, v0x55b9b9c9fd20_0;
E_0x55b9b9c72f90 .event/or E_0x55b9b9c72f90/0, E_0x55b9b9c72f90/1;
E_0x55b9b9c52b70 .event posedge, v0x55b9b9c9fd20_0;
L_0x55b9b9cf72c0 .array/port v0x55b9b9c9f0c0, L_0x55b9b9cf7360;
L_0x55b9b9cf7360 .concat [ 5 2 0 0], v0x55b9b9ce6040_0, L_0x7f43e27a57f8;
S_0x55b9b9cb1c60 .scope generate, "loop[0]" "loop[0]" 3 105, 3 105 0, S_0x55b9b9ca7280;
 .timescale -9 -12;
P_0x55b9b9ce69c0 .param/l "i" 0 3 105, +C4<00>;
L_0x55b9b9c9efa0 .functor BUFZ 5, L_0x55b9b9cf74a0, C4<00000>, C4<00000>, C4<00000>;
L_0x55b9b9c9fc00 .functor BUFZ 1, v0x55b9b9ce72d0_0, C4<0>, C4<0>, C4<0>;
L_0x7f43e27a5060 .functor BUFT 1, C4<0>, C4<0>, C4<0>, C4<0>;
v0x55b9b9ce8260_0 .net *"_ivl_10", 0 0, L_0x7f43e27a5060;  1 drivers
L_0x7f43e27a50a8 .functor BUFT 1, C4<000>, C4<0>, C4<0>, C4<0>;
v0x55b9b9ce8360_0 .net/2u *"_ivl_11", 2 0, L_0x7f43e27a50a8;  1 drivers
v0x55b9b9ce8440_0 .net *"_ivl_13", 0 0, L_0x55b9b9cf36d0;  1 drivers
L_0x7f43e27a50f0 .functor BUFT 1, C4<0>, C4<0>, C4<0>, C4<0>;
v0x55b9b9ce84e0_0 .net/2u *"_ivl_15", 0 0, L_0x7f43e27a50f0;  1 drivers
v0x55b9b9ce85c0_0 .net *"_ivl_20", 2 0, L_0x55b9b9cf39a0;  1 drivers
L_0x7f43e27a5138 .functor BUFT 1, C4<0>, C4<0>, C4<0>, C4<0>;
v0x55b9b9ce86a0_0 .net *"_ivl_23", 0 0, L_0x7f43e27a5138;  1 drivers
L_0x7f43e27a5180 .functor BUFT 1, C4<000>, C4<0>, C4<0>, C4<0>;
v0x55b9b9ce8780_0 .net/2u *"_ivl_24", 2 0, L_0x7f43e27a5180;  1 drivers
v0x55b9b9ce8860_0 .net *"_ivl_26", 0 0, L_0x55b9b9cf3b60;  1 drivers
L_0x7f43e27a51c8 .functor BUFT 1, C4<0>, C4<0>, C4<0>, C4<0>;
v0x55b9b9ce8920_0 .net/2u *"_ivl_28", 0 0, L_0x7f43e27a51c8;  1 drivers
v0x55b9b9ce8a00_0 .net *"_ivl_37", 0 0, L_0x55b9b9c9fc00;  1 drivers
v0x55b9b9ce8ae0_0 .net *"_ivl_7", 2 0, L_0x55b9b9cf3590;  1 drivers
L_0x55b9b9cf3590 .concat [ 2 1 0 0], v0x55b9b9cf2ba0_0, L_0x7f43e27a5060;
L_0x55b9b9cf36d0 .cmp/eq 3, L_0x55b9b9cf3590, L_0x7f43e27a50a8;
L_0x55b9b9cf3810 .functor MUXZ 1, L_0x7f43e27a50f0, v0x55b9b9cf1ee0_0, L_0x55b9b9cf36d0, C4<>;
L_0x55b9b9cf39a0 .concat [ 2 1 0 0], v0x55b9b9cf2ea0_0, L_0x7f43e27a5138;
L_0x55b9b9cf3b60 .cmp/eq 3, L_0x55b9b9cf39a0, L_0x7f43e27a5180;
L_0x55b9b9cf3ca0 .functor MUXZ 1, L_0x7f43e27a51c8, v0x55b9b9cf3040_0, L_0x55b9b9cf3b60, C4<>;
S_0x55b9b9cb0c30 .scope module, "ptr_fifo" "fifo" 3 111, 5 23 0, S_0x55b9b9cb1c60;
 .timescale -9 -12;
    .port_info 0 /INPUT 1 "clk";
    .port_info 1 /INPUT 1 "rst_n";
    .port_info 2 /INPUT 1 "rd";
    .port_info 3 /INPUT 1 "wr";
    .port_info 4 /INPUT 5 "w_data";
    .port_info 5 /OUTPUT 5 "r_data";
    .port_info 6 /OUTPUT 1 "empty";
    .port_info 7 /OUTPUT 1 "full";
P_0x55b9b9ccfce0 .param/l "DATA_BIT" 0 5 25, +C4<00000000000000000000000000000101>;
P_0x55b9b9ccfd20 .param/l "W" 0 5 26, +C4<00000000000000000000000000000101>;
L_0x55b9b9cbc9f0 .functor BUFZ 5, L_0x55b9b9cf3110, C4<00000>, C4<00000>, C4<00000>;
L_0x55b9b9cb2230 .functor NOT 1, v0x55b9b9ce7510_0, C4<0>, C4<0>, C4<0>;
L_0x55b9b9cb3040 .functor AND 1, L_0x55b9b9cf3ca0, L_0x55b9b9cb2230, C4<1>, C4<1>;
L_0x55b9b9ca8880 .functor BUFZ 1, v0x55b9b9ce7510_0, C4<0>, C4<0>, C4<0>;
v0x55b9b9ce6d00_0 .net *"_ivl_0", 4 0, L_0x55b9b9cf3110;  1 drivers
v0x55b9b9ce6e00_0 .net *"_ivl_2", 6 0, L_0x55b9b9cf3210;  1 drivers
L_0x7f43e27a5018 .functor BUFT 1, C4<00>, C4<0>, C4<0>, C4<0>;
v0x55b9b9ce6ee0_0 .net *"_ivl_5", 1 0, L_0x7f43e27a5018;  1 drivers
v0x55b9b9ce6fa0_0 .net *"_ivl_8", 0 0, L_0x55b9b9cb2230;  1 drivers
v0x55b9b9ce7080 .array "array_reg", 0 31, 4 0;
v0x55b9b9ce7190_0 .net "clk", 0 0, v0x55b9b9cf2950_0;  alias, 1 drivers
v0x55b9b9ce7230_0 .net "empty", 0 0, v0x55b9b9ce72d0_0;  alias, 1 drivers
v0x55b9b9ce72d0_0 .var "empty_reg", 0 0;
v0x55b9b9ce7390_0 .var "empty_reg_n", 0 0;
v0x55b9b9ce7450_0 .net "full", 0 0, L_0x55b9b9ca8880;  alias, 1 drivers
v0x55b9b9ce7510_0 .var "full_reg", 0 0;
v0x55b9b9ce75d0_0 .var "full_reg_n", 0 0;
v0x55b9b9ce7690_0 .net "r_data", 4 0, L_0x55b9b9cbc9f0;  alias, 1 drivers
v0x55b9b9ce7770_0 .var "r_prt_n", 4 0;
v0x55b9b9ce7850_0 .var "r_prt_reg", 4 0;
v0x55b9b9ce7930_0 .var "r_prt_succ", 4 0;
v0x55b9b9ce7a10_0 .net "rd", 0 0, L_0x55b9b9cf3810;  alias, 1 drivers
v0x55b9b9ce7be0_0 .net "rst_n", 0 0, v0x55b9b9cf2e00_0;  alias, 1 drivers
v0x55b9b9ce7c80_0 .net "w_data", 4 0, L_0x55b9b9c9efa0;  alias, 1 drivers
v0x55b9b9ce7d40_0 .var "w_prt_n", 4 0;
v0x55b9b9ce7e20_0 .var "w_prt_reg", 4 0;
v0x55b9b9ce7f00_0 .var "w_prt_succ", 4 0;
v0x55b9b9ce7fe0_0 .net "wr", 0 0, L_0x55b9b9cf3ca0;  alias, 1 drivers
v0x55b9b9ce80a0_0 .net "wr_en", 0 0, L_0x55b9b9cb3040;  1 drivers
E_0x55b9b9cd06a0/0 .event edge, v0x55b9b9ce7e20_0, v0x55b9b9ce7850_0, v0x55b9b9ce7510_0, v0x55b9b9ce72d0_0;
E_0x55b9b9cd06a0/1 .event edge, v0x55b9b9ce7a10_0, v0x55b9b9ce7fe0_0, v0x55b9b9ce7f00_0, v0x55b9b9ce7930_0;
E_0x55b9b9cd06a0 .event/or E_0x55b9b9cd06a0/0, E_0x55b9b9cd06a0/1;
L_0x55b9b9cf3110 .array/port v0x55b9b9ce7080, L_0x55b9b9cf3210;
L_0x55b9b9cf3210 .concat [ 5 2 0 0], v0x55b9b9ce7850_0, L_0x7f43e27a5018;
S_0x55b9b9cbb230 .scope generate, "loop[1]" "loop[1]" 3 105, 3 105 0, S_0x55b9b9ca7280;
 .timescale -9 -12;
P_0x55b9b9ce8be0 .param/l "i" 0 3 105, +C4<01>;
L_0x55b9b9cf4d50 .functor BUFZ 5, L_0x55b9b9cf74a0, C4<00000>, C4<00000>, C4<00000>;
L_0x55b9b9cf4e10 .functor BUFZ 1, v0x55b9b9ce95c0_0, C4<0>, C4<0>, C4<0>;
L_0x7f43e27a5258 .functor BUFT 1, C4<0>, C4<0>, C4<0>, C4<0>;
v0x55b9b9cea5c0_0 .net *"_ivl_10", 0 0, L_0x7f43e27a5258;  1 drivers
L_0x7f43e27a52a0 .functor BUFT 1, C4<001>, C4<0>, C4<0>, C4<0>;
v0x55b9b9cea6c0_0 .net/2u *"_ivl_11", 2 0, L_0x7f43e27a52a0;  1 drivers
v0x55b9b9cea7a0_0 .net *"_ivl_13", 0 0, L_0x55b9b9cf46d0;  1 drivers
L_0x7f43e27a52e8 .functor BUFT 1, C4<0>, C4<0>, C4<0>, C4<0>;
v0x55b9b9cea840_0 .net/2u *"_ivl_15", 0 0, L_0x7f43e27a52e8;  1 drivers
v0x55b9b9cea920_0 .net *"_ivl_20", 2 0, L_0x55b9b9cf49a0;  1 drivers
L_0x7f43e27a5330 .functor BUFT 1, C4<0>, C4<0>, C4<0>, C4<0>;
v0x55b9b9ceaa00_0 .net *"_ivl_23", 0 0, L_0x7f43e27a5330;  1 drivers
L_0x7f43e27a5378 .functor BUFT 1, C4<001>, C4<0>, C4<0>, C4<0>;
v0x55b9b9ceaae0_0 .net/2u *"_ivl_24", 2 0, L_0x7f43e27a5378;  1 drivers
v0x55b9b9ceabc0_0 .net *"_ivl_26", 0 0, L_0x55b9b9cf4a90;  1 drivers
L_0x7f43e27a53c0 .functor BUFT 1, C4<0>, C4<0>, C4<0>, C4<0>;
v0x55b9b9ceac80_0 .net/2u *"_ivl_28", 0 0, L_0x7f43e27a53c0;  1 drivers
v0x55b9b9cead60_0 .net *"_ivl_37", 0 0, L_0x55b9b9cf4e10;  1 drivers
v0x55b9b9ceae40_0 .net *"_ivl_7", 2 0, L_0x55b9b9cf4550;  1 drivers
L_0x55b9b9cf4550 .concat [ 2 1 0 0], v0x55b9b9cf2ba0_0, L_0x7f43e27a5258;
L_0x55b9b9cf46d0 .cmp/eq 3, L_0x55b9b9cf4550, L_0x7f43e27a52a0;
L_0x55b9b9cf47c0 .functor MUXZ 1, L_0x7f43e27a52e8, v0x55b9b9cf1ee0_0, L_0x55b9b9cf46d0, C4<>;
L_0x55b9b9cf49a0 .concat [ 2 1 0 0], v0x55b9b9cf2ea0_0, L_0x7f43e27a5330;
L_0x55b9b9cf4a90 .cmp/eq 3, L_0x55b9b9cf49a0, L_0x7f43e27a5378;
L_0x55b9b9cf4bd0 .functor MUXZ 1, L_0x7f43e27a53c0, v0x55b9b9cf3040_0, L_0x55b9b9cf4a90, C4<>;
S_0x55b9b9cbb610 .scope module, "ptr_fifo" "fifo" 3 111, 5 23 0, S_0x55b9b9cbb230;
 .timescale -9 -12;
    .port_info 0 /INPUT 1 "clk";
    .port_info 1 /INPUT 1 "rst_n";
    .port_info 2 /INPUT 1 "rd";
    .port_info 3 /INPUT 1 "wr";
    .port_info 4 /INPUT 5 "w_data";
    .port_info 5 /OUTPUT 5 "r_data";
    .port_info 6 /OUTPUT 1 "empty";
    .port_info 7 /OUTPUT 1 "full";
P_0x55b9b9ccd860 .param/l "DATA_BIT" 0 5 25, +C4<00000000000000000000000000000101>;
P_0x55b9b9ccd8a0 .param/l "W" 0 5 26, +C4<00000000000000000000000000000101>;
L_0x55b9b9cf40f0 .functor BUFZ 5, L_0x55b9b9cf3f10, C4<00000>, C4<00000>, C4<00000>;
L_0x55b9b9cf4200 .functor NOT 1, v0x55b9b9ce9800_0, C4<0>, C4<0>, C4<0>;
L_0x55b9b9cf4270 .functor AND 1, L_0x55b9b9cf4bd0, L_0x55b9b9cf4200, C4<1>, C4<1>;
L_0x55b9b9cf4380 .functor BUFZ 1, v0x55b9b9ce9800_0, C4<0>, C4<0>, C4<0>;
v0x55b9b9ce8f50_0 .net *"_ivl_0", 4 0, L_0x55b9b9cf3f10;  1 drivers
v0x55b9b9ce9050_0 .net *"_ivl_2", 6 0, L_0x55b9b9cf3fb0;  1 drivers
L_0x7f43e27a5210 .functor BUFT 1, C4<00>, C4<0>, C4<0>, C4<0>;
v0x55b9b9ce9130_0 .net *"_ivl_5", 1 0, L_0x7f43e27a5210;  1 drivers
v0x55b9b9ce9220_0 .net *"_ivl_8", 0 0, L_0x55b9b9cf4200;  1 drivers
v0x55b9b9ce9300 .array "array_reg", 0 31, 4 0;
v0x55b9b9ce9410_0 .net "clk", 0 0, v0x55b9b9cf2950_0;  alias, 1 drivers
v0x55b9b9ce9500_0 .net "empty", 0 0, v0x55b9b9ce95c0_0;  alias, 1 drivers
v0x55b9b9ce95c0_0 .var "empty_reg", 0 0;
v0x55b9b9ce9680_0 .var "empty_reg_n", 0 0;
v0x55b9b9ce9740_0 .net "full", 0 0, L_0x55b9b9cf4380;  alias, 1 drivers
v0x55b9b9ce9800_0 .var "full_reg", 0 0;
v0x55b9b9ce98c0_0 .var "full_reg_n", 0 0;
v0x55b9b9ce9980_0 .net "r_data", 4 0, L_0x55b9b9cf40f0;  alias, 1 drivers
v0x55b9b9ce9a60_0 .var "r_prt_n", 4 0;
v0x55b9b9ce9b40_0 .var "r_prt_reg", 4 0;
v0x55b9b9ce9c20_0 .var "r_prt_succ", 4 0;
v0x55b9b9ce9d00_0 .net "rd", 0 0, L_0x55b9b9cf47c0;  alias, 1 drivers
v0x55b9b9ce9ed0_0 .net "rst_n", 0 0, v0x55b9b9cf2e00_0;  alias, 1 drivers
v0x55b9b9ce9f70_0 .net "w_data", 4 0, L_0x55b9b9cf4d50;  alias, 1 drivers
v0x55b9b9cea050_0 .var "w_prt_n", 4 0;
v0x55b9b9cea130_0 .var "w_prt_reg", 4 0;
v0x55b9b9cea210_0 .var "w_prt_succ", 4 0;
v0x55b9b9cea2f0_0 .net "wr", 0 0, L_0x55b9b9cf4bd0;  alias, 1 drivers
v0x55b9b9cea3b0_0 .net "wr_en", 0 0, L_0x55b9b9cf4270;  1 drivers
E_0x55b9b9cd0b10/0 .event edge, v0x55b9b9cea130_0, v0x55b9b9ce9b40_0, v0x55b9b9ce9800_0, v0x55b9b9ce95c0_0;
E_0x55b9b9cd0b10/1 .event edge, v0x55b9b9ce9d00_0, v0x55b9b9cea2f0_0, v0x55b9b9cea210_0, v0x55b9b9ce9c20_0;
E_0x55b9b9cd0b10 .event/or E_0x55b9b9cd0b10/0, E_0x55b9b9cd0b10/1;
L_0x55b9b9cf3f10 .array/port v0x55b9b9ce9300, L_0x55b9b9cf3fb0;
L_0x55b9b9cf3fb0 .concat [ 5 2 0 0], v0x55b9b9ce9b40_0, L_0x7f43e27a5210;
S_0x55b9b9cba5e0 .scope generate, "loop[2]" "loop[2]" 3 105, 3 105 0, S_0x55b9b9ca7280;
 .timescale -9 -12;
P_0x55b9b9ceaf40 .param/l "i" 0 3 105, +C4<010>;
L_0x55b9b9cf5cb0 .functor BUFZ 5, L_0x55b9b9cf74a0, C4<00000>, C4<00000>, C4<00000>;
L_0x55b9b9cf5db0 .functor BUFZ 1, v0x55b9b9cebaf0_0, C4<0>, C4<0>, C4<0>;
L_0x7f43e27a5450 .functor BUFT 1, C4<00>, C4<0>, C4<0>, C4<0>;
v0x55b9b9cecaa0_0 .net *"_ivl_10", 1 0, L_0x7f43e27a5450;  1 drivers
L_0x7f43e27a5498 .functor BUFT 1, C4<0010>, C4<0>, C4<0>, C4<0>;
v0x55b9b9cecba0_0 .net/2u *"_ivl_11", 3 0, L_0x7f43e27a5498;  1 drivers
v0x55b9b9cecc80_0 .net *"_ivl_13", 0 0, L_0x55b9b9cf55f0;  1 drivers
L_0x7f43e27a54e0 .functor BUFT 1, C4<0>, C4<0>, C4<0>, C4<0>;
v0x55b9b9cecd20_0 .net/2u *"_ivl_15", 0 0, L_0x7f43e27a54e0;  1 drivers
v0x55b9b9cece00_0 .net *"_ivl_20", 3 0, L_0x55b9b9cf58c0;  1 drivers
L_0x7f43e27a5528 .functor BUFT 1, C4<00>, C4<0>, C4<0>, C4<0>;
v0x55b9b9cecee0_0 .net *"_ivl_23", 1 0, L_0x7f43e27a5528;  1 drivers
L_0x7f43e27a5570 .functor BUFT 1, C4<0010>, C4<0>, C4<0>, C4<0>;
v0x55b9b9cecfc0_0 .net/2u *"_ivl_24", 3 0, L_0x7f43e27a5570;  1 drivers
v0x55b9b9ced0a0_0 .net *"_ivl_26", 0 0, L_0x55b9b9cf5960;  1 drivers
L_0x7f43e27a55b8 .functor BUFT 1, C4<0>, C4<0>, C4<0>, C4<0>;
v0x55b9b9ced160_0 .net/2u *"_ivl_28", 0 0, L_0x7f43e27a55b8;  1 drivers
v0x55b9b9ced240_0 .net *"_ivl_37", 0 0, L_0x55b9b9cf5db0;  1 drivers
v0x55b9b9ced320_0 .net *"_ivl_7", 3 0, L_0x55b9b9cf54c0;  1 drivers
L_0x55b9b9cf54c0 .concat [ 2 2 0 0], v0x55b9b9cf2ba0_0, L_0x7f43e27a5450;
L_0x55b9b9cf55f0 .cmp/eq 4, L_0x55b9b9cf54c0, L_0x7f43e27a5498;
L_0x55b9b9cf5730 .functor MUXZ 1, L_0x7f43e27a54e0, v0x55b9b9cf1ee0_0, L_0x55b9b9cf55f0, C4<>;
L_0x55b9b9cf58c0 .concat [ 2 2 0 0], v0x55b9b9cf2ea0_0, L_0x7f43e27a5528;
L_0x55b9b9cf5960 .cmp/eq 4, L_0x55b9b9cf58c0, L_0x7f43e27a5570;
L_0x55b9b9cf5aa0 .functor MUXZ 1, L_0x7f43e27a55b8, v0x55b9b9cf3040_0, L_0x55b9b9cf5960, C4<>;
S_0x55b9b9ceb020 .scope module, "ptr_fifo" "fifo" 3 111, 5 23 0, S_0x55b9b9cba5e0;
 .timescale -9 -12;
    .port_info 0 /INPUT 1 "clk";
    .port_info 1 /INPUT 1 "rst_n";
    .port_info 2 /INPUT 1 "rd";
    .port_info 3 /INPUT 1 "wr";
    .port_info 4 /INPUT 5 "w_data";
    .port_info 5 /OUTPUT 5 "r_data";
    .port_info 6 /OUTPUT 1 "empty";
    .port_info 7 /OUTPUT 1 "full";
P_0x55b9b9cd07b0 .param/l "DATA_BIT" 0 5 25, +C4<00000000000000000000000000000101>;
P_0x55b9b9cd07f0 .param/l "W" 0 5 26, +C4<00000000000000000000000000000101>;
L_0x55b9b9cf5060 .functor BUFZ 5, L_0x55b9b9cf4e80, C4<00000>, C4<00000>, C4<00000>;
L_0x55b9b9cf5170 .functor NOT 1, v0x55b9b9cebd30_0, C4<0>, C4<0>, C4<0>;
L_0x55b9b9cf51e0 .functor AND 1, L_0x55b9b9cf5aa0, L_0x55b9b9cf5170, C4<1>, C4<1>;
L_0x55b9b9cf52f0 .functor BUFZ 1, v0x55b9b9cebd30_0, C4<0>, C4<0>, C4<0>;
v0x55b9b9ceb500_0 .net *"_ivl_0", 4 0, L_0x55b9b9cf4e80;  1 drivers
v0x55b9b9ceb600_0 .net *"_ivl_2", 6 0, L_0x55b9b9cf4f20;  1 drivers
L_0x7f43e27a5408 .functor BUFT 1, C4<00>, C4<0>, C4<0>, C4<0>;
v0x55b9b9ceb6e0_0 .net *"_ivl_5", 1 0, L_0x7f43e27a5408;  1 drivers
v0x55b9b9ceb7a0_0 .net *"_ivl_8", 0 0, L_0x55b9b9cf5170;  1 drivers
v0x55b9b9ceb880 .array "array_reg", 0 31, 4 0;
v0x55b9b9ceb990_0 .net "clk", 0 0, v0x55b9b9cf2950_0;  alias, 1 drivers
v0x55b9b9ceba30_0 .net "empty", 0 0, v0x55b9b9cebaf0_0;  alias, 1 drivers
v0x55b9b9cebaf0_0 .var "empty_reg", 0 0;
v0x55b9b9cebbb0_0 .var "empty_reg_n", 0 0;
v0x55b9b9cebc70_0 .net "full", 0 0, L_0x55b9b9cf52f0;  alias, 1 drivers
v0x55b9b9cebd30_0 .var "full_reg", 0 0;
v0x55b9b9cebdf0_0 .var "full_reg_n", 0 0;
v0x55b9b9cebeb0_0 .net "r_data", 4 0, L_0x55b9b9cf5060;  alias, 1 drivers
v0x55b9b9cebf90_0 .var "r_prt_n", 4 0;
v0x55b9b9cec070_0 .var "r_prt_reg", 4 0;
v0x55b9b9cec150_0 .var "r_prt_succ", 4 0;
v0x55b9b9cec230_0 .net "rd", 0 0, L_0x55b9b9cf5730;  alias, 1 drivers
v0x55b9b9cec400_0 .net "rst_n", 0 0, v0x55b9b9cf2e00_0;  alias, 1 drivers
v0x55b9b9cec4a0_0 .net "w_data", 4 0, L_0x55b9b9cf5cb0;  alias, 1 drivers
v0x55b9b9cec580_0 .var "w_prt_n", 4 0;
v0x55b9b9cec660_0 .var "w_prt_reg", 4 0;
v0x55b9b9cec740_0 .var "w_prt_succ", 4 0;
v0x55b9b9cec820_0 .net "wr", 0 0, L_0x55b9b9cf5aa0;  alias, 1 drivers
v0x55b9b9cec8e0_0 .net "wr_en", 0 0, L_0x55b9b9cf51e0;  1 drivers
E_0x55b9b9ceb450/0 .event edge, v0x55b9b9cec660_0, v0x55b9b9cec070_0, v0x55b9b9cebd30_0, v0x55b9b9cebaf0_0;
E_0x55b9b9ceb450/1 .event edge, v0x55b9b9cec230_0, v0x55b9b9cec820_0, v0x55b9b9cec740_0, v0x55b9b9cec150_0;
E_0x55b9b9ceb450 .event/or E_0x55b9b9ceb450/0, E_0x55b9b9ceb450/1;
L_0x55b9b9cf4e80 .array/port v0x55b9b9ceb880, L_0x55b9b9cf4f20;
L_0x55b9b9cf4f20 .concat [ 5 2 0 0], v0x55b9b9cec070_0, L_0x7f43e27a5408;
S_0x55b9b9ced400 .scope generate, "loop[3]" "loop[3]" 3 105, 3 105 0, S_0x55b9b9ca7280;
 .timescale -9 -12;
P_0x55b9b9ced600 .param/l "i" 0 3 105, +C4<011>;
L_0x55b9b9cf6bc0 .functor BUFZ 5, L_0x55b9b9cf74a0, C4<00000>, C4<00000>, C4<00000>;
L_0x55b9b9cf6e10 .functor BUFZ 1, v0x55b9b9cee270_0, C4<0>, C4<0>, C4<0>;
L_0x7f43e27a5648 .functor BUFT 1, C4<00>, C4<0>, C4<0>, C4<0>;
v0x55b9b9cef2b0_0 .net *"_ivl_10", 1 0, L_0x7f43e27a5648;  1 drivers
L_0x7f43e27a5690 .functor BUFT 1, C4<0011>, C4<0>, C4<0>, C4<0>;
v0x55b9b9cef3b0_0 .net/2u *"_ivl_11", 3 0, L_0x7f43e27a5690;  1 drivers
v0x55b9b9cef490_0 .net *"_ivl_13", 0 0, L_0x55b9b9cf6500;  1 drivers
L_0x7f43e27a56d8 .functor BUFT 1, C4<0>, C4<0>, C4<0>, C4<0>;
v0x55b9b9cef530_0 .net/2u *"_ivl_15", 0 0, L_0x7f43e27a56d8;  1 drivers
v0x55b9b9cef610_0 .net *"_ivl_20", 3 0, L_0x55b9b9cf6860;  1 drivers
L_0x7f43e27a5720 .functor BUFT 1, C4<00>, C4<0>, C4<0>, C4<0>;
v0x55b9b9cef6f0_0 .net *"_ivl_23", 1 0, L_0x7f43e27a5720;  1 drivers
L_0x7f43e27a5768 .functor BUFT 1, C4<0011>, C4<0>, C4<0>, C4<0>;
v0x55b9b9cef7d0_0 .net/2u *"_ivl_24", 3 0, L_0x7f43e27a5768;  1 drivers
v0x55b9b9cef8b0_0 .net *"_ivl_26", 0 0, L_0x55b9b9cf6900;  1 drivers
L_0x7f43e27a57b0 .functor BUFT 1, C4<0>, C4<0>, C4<0>, C4<0>;
v0x55b9b9cef970_0 .net/2u *"_ivl_28", 0 0, L_0x7f43e27a57b0;  1 drivers
v0x55b9b9cefae0_0 .net *"_ivl_37", 0 0, L_0x55b9b9cf6e10;  1 drivers
v0x55b9b9cefbc0_0 .net *"_ivl_7", 3 0, L_0x55b9b9cf6410;  1 drivers
L_0x55b9b9cf6410 .concat [ 2 2 0 0], v0x55b9b9cf2ba0_0, L_0x7f43e27a5648;
L_0x55b9b9cf6500 .cmp/eq 4, L_0x55b9b9cf6410, L_0x7f43e27a5690;
L_0x55b9b9cf6640 .functor MUXZ 1, L_0x7f43e27a56d8, v0x55b9b9cf1ee0_0, L_0x55b9b9cf6500, C4<>;
L_0x55b9b9cf6860 .concat [ 2 2 0 0], v0x55b9b9cf2ea0_0, L_0x7f43e27a5720;
L_0x55b9b9cf6900 .cmp/eq 4, L_0x55b9b9cf6860, L_0x7f43e27a5768;
L_0x55b9b9cf6a40 .functor MUXZ 1, L_0x7f43e27a57b0, v0x55b9b9cf3040_0, L_0x55b9b9cf6900, C4<>;
S_0x55b9b9ced6e0 .scope module, "ptr_fifo" "fifo" 3 111, 5 23 0, S_0x55b9b9ced400;
 .timescale -9 -12;
    .port_info 0 /INPUT 1 "clk";
    .port_info 1 /INPUT 1 "rst_n";
    .port_info 2 /INPUT 1 "rd";
    .port_info 3 /INPUT 1 "wr";
    .port_info 4 /INPUT 5 "w_data";
    .port_info 5 /OUTPUT 5 "r_data";
    .port_info 6 /OUTPUT 1 "empty";
    .port_info 7 /OUTPUT 1 "full";
P_0x55b9b9ced8c0 .param/l "DATA_BIT" 0 5 25, +C4<00000000000000000000000000000101>;
P_0x55b9b9ced900 .param/l "W" 0 5 26, +C4<00000000000000000000000000000101>;
L_0x55b9b9cf5fb0 .functor BUFZ 5, L_0x55b9b9cf5e20, C4<00000>, C4<00000>, C4<00000>;
L_0x55b9b9cf60c0 .functor NOT 1, v0x55b9b9cee540_0, C4<0>, C4<0>, C4<0>;
L_0x55b9b9cf6130 .functor AND 1, L_0x55b9b9cf6a40, L_0x55b9b9cf60c0, C4<1>, C4<1>;
L_0x55b9b9cf6240 .functor BUFZ 1, v0x55b9b9cee540_0, C4<0>, C4<0>, C4<0>;
v0x55b9b9cedc50_0 .net *"_ivl_0", 4 0, L_0x55b9b9cf5e20;  1 drivers
v0x55b9b9cedd50_0 .net *"_ivl_2", 6 0, L_0x55b9b9cf5ec0;  1 drivers
L_0x7f43e27a5600 .functor BUFT 1, C4<00>, C4<0>, C4<0>, C4<0>;
v0x55b9b9cede30_0 .net *"_ivl_5", 1 0, L_0x7f43e27a5600;  1 drivers
v0x55b9b9cedf20_0 .net *"_ivl_8", 0 0, L_0x55b9b9cf60c0;  1 drivers
v0x55b9b9cee000 .array "array_reg", 0 31, 4 0;
v0x55b9b9cee110_0 .net "clk", 0 0, v0x55b9b9cf2950_0;  alias, 1 drivers
v0x55b9b9cee1b0_0 .net "empty", 0 0, v0x55b9b9cee270_0;  alias, 1 drivers
v0x55b9b9cee270_0 .var "empty_reg", 0 0;
v0x55b9b9cee330_0 .var "empty_reg_n", 0 0;
v0x55b9b9cee480_0 .net "full", 0 0, L_0x55b9b9cf6240;  alias, 1 drivers
v0x55b9b9cee540_0 .var "full_reg", 0 0;
v0x55b9b9cee600_0 .var "full_reg_n", 0 0;
v0x55b9b9cee6c0_0 .net "r_data", 4 0, L_0x55b9b9cf5fb0;  alias, 1 drivers
v0x55b9b9cee7a0_0 .var "r_prt_n", 4 0;
v0x55b9b9cee880_0 .var "r_prt_reg", 4 0;
v0x55b9b9cee960_0 .var "r_prt_succ", 4 0;
v0x55b9b9ceea40_0 .net "rd", 0 0, L_0x55b9b9cf6640;  alias, 1 drivers
v0x55b9b9ceec10_0 .net "rst_n", 0 0, v0x55b9b9cf2e00_0;  alias, 1 drivers
v0x55b9b9ceecb0_0 .net "w_data", 4 0, L_0x55b9b9cf6bc0;  alias, 1 drivers
v0x55b9b9ceed90_0 .var "w_prt_n", 4 0;
v0x55b9b9ceee70_0 .var "w_prt_reg", 4 0;
v0x55b9b9ceef50_0 .var "w_prt_succ", 4 0;
v0x55b9b9cef030_0 .net "wr", 0 0, L_0x55b9b9cf6a40;  alias, 1 drivers
v0x55b9b9cef0f0_0 .net "wr_en", 0 0, L_0x55b9b9cf6130;  1 drivers
E_0x55b9b9cedba0/0 .event edge, v0x55b9b9ceee70_0, v0x55b9b9cee880_0, v0x55b9b9cee540_0, v0x55b9b9cee270_0;
E_0x55b9b9cedba0/1 .event edge, v0x55b9b9ceea40_0, v0x55b9b9cef030_0, v0x55b9b9ceef50_0, v0x55b9b9cee960_0;
E_0x55b9b9cedba0 .event/or E_0x55b9b9cedba0/0, E_0x55b9b9cedba0/1;
L_0x55b9b9cf5e20 .array/port v0x55b9b9cee000, L_0x55b9b9cf5ec0;
L_0x55b9b9cf5ec0 .concat [ 5 2 0 0], v0x55b9b9cee880_0, L_0x7f43e27a5600;
S_0x55b9b9cefca0 .scope module, "sram" "ram" 3 39, 6 23 0, S_0x55b9b9ca7280;
 .timescale -9 -12;
    .port_info 0 /INPUT 1 "clk";
    .port_info 1 /INPUT 1 "wr_en";
    .port_info 2 /INPUT 5 "wr_addr";
    .port_info 3 /INPUT 8 "wr_data";
    .port_info 4 /INPUT 1 "rd_en";
    .port_info 5 /OUTPUT 8 "rd_data";
    .port_info 6 /INPUT 5 "rd_addr";
P_0x55b9b9cefe30 .param/l "ADDR_WIDTH" 0 6 25, +C4<00000000000000000000000000000101>;
P_0x55b9b9cefe70 .param/l "DATA_WIDTH" 0 6 26, +C4<00000000000000000000000000001000>;
v0x55b9b9cf0110_0 .net "clk", 0 0, v0x55b9b9cf2950_0;  alias, 1 drivers
v0x55b9b9cf01d0 .array "ram", 0 31, 7 0;
v0x55b9b9cf0290_0 .net "rd_addr", 4 0, L_0x55b9b9cf7e20;  alias, 1 drivers
v0x55b9b9cf0380_0 .var "rd_data", 7 0;
v0x55b9b9cf0460_0 .net "rd_en", 0 0, L_0x55b9b9cf70a0;  alias, 1 drivers
v0x55b9b9cf0520_0 .net "wr_addr", 4 0, L_0x55b9b9cf7970;  alias, 1 drivers
v0x55b9b9cf0600_0 .net "wr_data", 7 0, L_0x55b9b9cf6ed0;  alias, 1 drivers
v0x55b9b9cf06e0_0 .net "wr_en", 0 0, L_0x55b9b9cf6fe0;  alias, 1 drivers
    .scope S_0x55b9b9cb0c30;
T_0 ;
    %wait E_0x55b9b9c52b70;
    %load/vec4 v0x55b9b9ce80a0_0;
    %flag_set/vec4 8;
    %jmp/0xz  T_0.0, 8;
    %load/vec4 v0x55b9b9ce7c80_0;
    %load/vec4 v0x55b9b9ce7e20_0;
    %pad/u 7;
    %ix/vec4 3;
    %ix/load 4, 0, 0; Constant delay
    %assign/vec4/a/d v0x55b9b9ce7080, 0, 4;
T_0.0 ;
    %jmp T_0;
    .thread T_0;
    .scope S_0x55b9b9cb0c30;
T_1 ;
    %wait E_0x55b9b9c72f90;
    %load/vec4 v0x55b9b9ce7be0_0;
    %nor/r;
    %flag_set/vec4 8;
    %jmp/0xz  T_1.0, 8;
    %pushi/vec4 0, 0, 5;
    %assign/vec4 v0x55b9b9ce7e20_0, 0;
    %pushi/vec4 0, 0, 5;
    %assign/vec4 v0x55b9b9ce7850_0, 0;
    %pushi/vec4 0, 0, 1;
    %assign/vec4 v0x55b9b9ce7510_0, 0;
    %pushi/vec4 0, 0, 1;
    %assign/vec4 v0x55b9b9ce72d0_0, 0;
    %jmp T_1.1;
T_1.0 ;
    %load/vec4 v0x55b9b9ce7d40_0;
    %assign/vec4 v0x55b9b9ce7e20_0, 0;
    %load/vec4 v0x55b9b9ce7770_0;
    %assign/vec4 v0x55b9b9ce7850_0, 0;
    %load/vec4 v0x55b9b9ce75d0_0;
    %assign/vec4 v0x55b9b9ce7510_0, 0;
    %load/vec4 v0x55b9b9ce7390_0;
    %assign/vec4 v0x55b9b9ce72d0_0, 0;
T_1.1 ;
    %jmp T_1;
    .thread T_1;
    .scope S_0x55b9b9cb0c30;
T_2 ;
    %wait E_0x55b9b9cd06a0;
    %load/vec4 v0x55b9b9ce7e20_0;
    %addi 1, 0, 5;
    %store/vec4 v0x55b9b9ce7f00_0, 0, 5;
    %load/vec4 v0x55b9b9ce7850_0;
    %addi 1, 0, 5;
    %store/vec4 v0x55b9b9ce7930_0, 0, 5;
    %load/vec4 v0x55b9b9ce7e20_0;
    %store/vec4 v0x55b9b9ce7d40_0, 0, 5;
    %load/vec4 v0x55b9b9ce7850_0;
    %store/vec4 v0x55b9b9ce7770_0, 0, 5;
    %load/vec4 v0x55b9b9ce7510_0;
    %store/vec4 v0x55b9b9ce75d0_0, 0, 1;
    %load/vec4 v0x55b9b9ce72d0_0;
    %store/vec4 v0x55b9b9ce7390_0, 0, 1;
    %load/vec4 v0x55b9b9ce7a10_0;
    %load/vec4 v0x55b9b9ce7fe0_0;
    %concat/vec4; draw_concat_vec4
    %dup/vec4;
    %pushi/vec4 1, 0, 2;
    %cmp/u;
    %jmp/1 T_2.0, 6;
    %dup/vec4;
    %pushi/vec4 2, 0, 2;
    %cmp/u;
    %jmp/1 T_2.1, 6;
    %dup/vec4;
    %pushi/vec4 3, 0, 2;
    %cmp/u;
    %jmp/1 T_2.2, 6;
    %jmp T_2.3;
T_2.0 ;
    %load/vec4 v0x55b9b9ce7510_0;
    %inv;
    %flag_set/vec4 8;
    %jmp/0xz  T_2.4, 8;
    %load/vec4 v0x55b9b9ce7f00_0;
    %store/vec4 v0x55b9b9ce7d40_0, 0, 5;
    %pushi/vec4 0, 0, 1;
    %store/vec4 v0x55b9b9ce7390_0, 0, 1;
    %load/vec4 v0x55b9b9ce7f00_0;
    %load/vec4 v0x55b9b9ce7850_0;
    %cmp/e;
    %jmp/0xz  T_2.6, 4;
    %pushi/vec4 1, 0, 1;
    %store/vec4 v0x55b9b9ce75d0_0, 0, 1;
T_2.6 ;
T_2.4 ;
    %jmp T_2.3;
T_2.1 ;
    %load/vec4 v0x55b9b9ce72d0_0;
    %inv;
    %flag_set/vec4 8;
    %jmp/0xz  T_2.8, 8;
    %load/vec4 v0x55b9b9ce7930_0;
    %store/vec4 v0x55b9b9ce7770_0, 0, 5;
    %pushi/vec4 0, 0, 1;
    %store/vec4 v0x55b9b9ce75d0_0, 0, 1;
    %load/vec4 v0x55b9b9ce7930_0;
    %load/vec4 v0x55b9b9ce7e20_0;
    %cmp/e;
    %jmp/0xz  T_2.10, 4;
    %pushi/vec4 1, 0, 1;
    %store/vec4 v0x55b9b9ce7390_0, 0, 1;
T_2.10 ;
T_2.8 ;
    %jmp T_2.3;
T_2.2 ;
    %load/vec4 v0x55b9b9ce7f00_0;
    %store/vec4 v0x55b9b9ce7d40_0, 0, 5;
    %load/vec4 v0x55b9b9ce7930_0;
    %store/vec4 v0x55b9b9ce7770_0, 0, 5;
    %jmp T_2.3;
T_2.3 ;
    %pop/vec4 1;
    %jmp T_2;
    .thread T_2, $push;
    .scope S_0x55b9b9cbb610;
T_3 ;
    %wait E_0x55b9b9c52b70;
    %load/vec4 v0x55b9b9cea3b0_0;
    %flag_set/vec4 8;
    %jmp/0xz  T_3.0, 8;
    %load/vec4 v0x55b9b9ce9f70_0;
    %load/vec4 v0x55b9b9cea130_0;
    %pad/u 7;
    %ix/vec4 3;
    %ix/load 4, 0, 0; Constant delay
    %assign/vec4/a/d v0x55b9b9ce9300, 0, 4;
T_3.0 ;
    %jmp T_3;
    .thread T_3;
    .scope S_0x55b9b9cbb610;
T_4 ;
    %wait E_0x55b9b9c72f90;
    %load/vec4 v0x55b9b9ce9ed0_0;
    %nor/r;
    %flag_set/vec4 8;
    %jmp/0xz  T_4.0, 8;
    %pushi/vec4 0, 0, 5;
    %assign/vec4 v0x55b9b9cea130_0, 0;
    %pushi/vec4 0, 0, 5;
    %assign/vec4 v0x55b9b9ce9b40_0, 0;
    %pushi/vec4 0, 0, 1;
    %assign/vec4 v0x55b9b9ce9800_0, 0;
    %pushi/vec4 0, 0, 1;
    %assign/vec4 v0x55b9b9ce95c0_0, 0;
    %jmp T_4.1;
T_4.0 ;
    %load/vec4 v0x55b9b9cea050_0;
    %assign/vec4 v0x55b9b9cea130_0, 0;
    %load/vec4 v0x55b9b9ce9a60_0;
    %assign/vec4 v0x55b9b9ce9b40_0, 0;
    %load/vec4 v0x55b9b9ce98c0_0;
    %assign/vec4 v0x55b9b9ce9800_0, 0;
    %load/vec4 v0x55b9b9ce9680_0;
    %assign/vec4 v0x55b9b9ce95c0_0, 0;
T_4.1 ;
    %jmp T_4;
    .thread T_4;
    .scope S_0x55b9b9cbb610;
T_5 ;
    %wait E_0x55b9b9cd0b10;
    %load/vec4 v0x55b9b9cea130_0;
    %addi 1, 0, 5;
    %store/vec4 v0x55b9b9cea210_0, 0, 5;
    %load/vec4 v0x55b9b9ce9b40_0;
    %addi 1, 0, 5;
    %store/vec4 v0x55b9b9ce9c20_0, 0, 5;
    %load/vec4 v0x55b9b9cea130_0;
    %store/vec4 v0x55b9b9cea050_0, 0, 5;
    %load/vec4 v0x55b9b9ce9b40_0;
    %store/vec4 v0x55b9b9ce9a60_0, 0, 5;
    %load/vec4 v0x55b9b9ce9800_0;
    %store/vec4 v0x55b9b9ce98c0_0, 0, 1;
    %load/vec4 v0x55b9b9ce95c0_0;
    %store/vec4 v0x55b9b9ce9680_0, 0, 1;
    %load/vec4 v0x55b9b9ce9d00_0;
    %load/vec4 v0x55b9b9cea2f0_0;
    %concat/vec4; draw_concat_vec4
    %dup/vec4;
    %pushi/vec4 1, 0, 2;
    %cmp/u;
    %jmp/1 T_5.0, 6;
    %dup/vec4;
    %pushi/vec4 2, 0, 2;
    %cmp/u;
    %jmp/1 T_5.1, 6;
    %dup/vec4;
    %pushi/vec4 3, 0, 2;
    %cmp/u;
    %jmp/1 T_5.2, 6;
    %jmp T_5.3;
T_5.0 ;
    %load/vec4 v0x55b9b9ce9800_0;
    %inv;
    %flag_set/vec4 8;
    %jmp/0xz  T_5.4, 8;
    %load/vec4 v0x55b9b9cea210_0;
    %store/vec4 v0x55b9b9cea050_0, 0, 5;
    %pushi/vec4 0, 0, 1;
    %store/vec4 v0x55b9b9ce9680_0, 0, 1;
    %load/vec4 v0x55b9b9cea210_0;
    %load/vec4 v0x55b9b9ce9b40_0;
    %cmp/e;
    %jmp/0xz  T_5.6, 4;
    %pushi/vec4 1, 0, 1;
    %store/vec4 v0x55b9b9ce98c0_0, 0, 1;
T_5.6 ;
T_5.4 ;
    %jmp T_5.3;
T_5.1 ;
    %load/vec4 v0x55b9b9ce95c0_0;
    %inv;
    %flag_set/vec4 8;
    %jmp/0xz  T_5.8, 8;
    %load/vec4 v0x55b9b9ce9c20_0;
    %store/vec4 v0x55b9b9ce9a60_0, 0, 5;
    %pushi/vec4 0, 0, 1;
    %store/vec4 v0x55b9b9ce98c0_0, 0, 1;
    %load/vec4 v0x55b9b9ce9c20_0;
    %load/vec4 v0x55b9b9cea130_0;
    %cmp/e;
    %jmp/0xz  T_5.10, 4;
    %pushi/vec4 1, 0, 1;
    %store/vec4 v0x55b9b9ce9680_0, 0, 1;
T_5.10 ;
T_5.8 ;
    %jmp T_5.3;
T_5.2 ;
    %load/vec4 v0x55b9b9cea210_0;
    %store/vec4 v0x55b9b9cea050_0, 0, 5;
    %load/vec4 v0x55b9b9ce9c20_0;
    %store/vec4 v0x55b9b9ce9a60_0, 0, 5;
    %jmp T_5.3;
T_5.3 ;
    %pop/vec4 1;
    %jmp T_5;
    .thread T_5, $push;
    .scope S_0x55b9b9ceb020;
T_6 ;
    %wait E_0x55b9b9c52b70;
    %load/vec4 v0x55b9b9cec8e0_0;
    %flag_set/vec4 8;
    %jmp/0xz  T_6.0, 8;
    %load/vec4 v0x55b9b9cec4a0_0;
    %load/vec4 v0x55b9b9cec660_0;
    %pad/u 7;
    %ix/vec4 3;
    %ix/load 4, 0, 0; Constant delay
    %assign/vec4/a/d v0x55b9b9ceb880, 0, 4;
T_6.0 ;
    %jmp T_6;
    .thread T_6;
    .scope S_0x55b9b9ceb020;
T_7 ;
    %wait E_0x55b9b9c72f90;
    %load/vec4 v0x55b9b9cec400_0;
    %nor/r;
    %flag_set/vec4 8;
    %jmp/0xz  T_7.0, 8;
    %pushi/vec4 0, 0, 5;
    %assign/vec4 v0x55b9b9cec660_0, 0;
    %pushi/vec4 0, 0, 5;
    %assign/vec4 v0x55b9b9cec070_0, 0;
    %pushi/vec4 0, 0, 1;
    %assign/vec4 v0x55b9b9cebd30_0, 0;
    %pushi/vec4 0, 0, 1;
    %assign/vec4 v0x55b9b9cebaf0_0, 0;
    %jmp T_7.1;
T_7.0 ;
    %load/vec4 v0x55b9b9cec580_0;
    %assign/vec4 v0x55b9b9cec660_0, 0;
    %load/vec4 v0x55b9b9cebf90_0;
    %assign/vec4 v0x55b9b9cec070_0, 0;
    %load/vec4 v0x55b9b9cebdf0_0;
    %assign/vec4 v0x55b9b9cebd30_0, 0;
    %load/vec4 v0x55b9b9cebbb0_0;
    %assign/vec4 v0x55b9b9cebaf0_0, 0;
T_7.1 ;
    %jmp T_7;
    .thread T_7;
    .scope S_0x55b9b9ceb020;
T_8 ;
    %wait E_0x55b9b9ceb450;
    %load/vec4 v0x55b9b9cec660_0;
    %addi 1, 0, 5;
    %store/vec4 v0x55b9b9cec740_0, 0, 5;
    %load/vec4 v0x55b9b9cec070_0;
    %addi 1, 0, 5;
    %store/vec4 v0x55b9b9cec150_0, 0, 5;
    %load/vec4 v0x55b9b9cec660_0;
    %store/vec4 v0x55b9b9cec580_0, 0, 5;
    %load/vec4 v0x55b9b9cec070_0;
    %store/vec4 v0x55b9b9cebf90_0, 0, 5;
    %load/vec4 v0x55b9b9cebd30_0;
    %store/vec4 v0x55b9b9cebdf0_0, 0, 1;
    %load/vec4 v0x55b9b9cebaf0_0;
    %store/vec4 v0x55b9b9cebbb0_0, 0, 1;
    %load/vec4 v0x55b9b9cec230_0;
    %load/vec4 v0x55b9b9cec820_0;
    %concat/vec4; draw_concat_vec4
    %dup/vec4;
    %pushi/vec4 1, 0, 2;
    %cmp/u;
    %jmp/1 T_8.0, 6;
    %dup/vec4;
    %pushi/vec4 2, 0, 2;
    %cmp/u;
    %jmp/1 T_8.1, 6;
    %dup/vec4;
    %pushi/vec4 3, 0, 2;
    %cmp/u;
    %jmp/1 T_8.2, 6;
    %jmp T_8.3;
T_8.0 ;
    %load/vec4 v0x55b9b9cebd30_0;
    %inv;
    %flag_set/vec4 8;
    %jmp/0xz  T_8.4, 8;
    %load/vec4 v0x55b9b9cec740_0;
    %store/vec4 v0x55b9b9cec580_0, 0, 5;
    %pushi/vec4 0, 0, 1;
    %store/vec4 v0x55b9b9cebbb0_0, 0, 1;
    %load/vec4 v0x55b9b9cec740_0;
    %load/vec4 v0x55b9b9cec070_0;
    %cmp/e;
    %jmp/0xz  T_8.6, 4;
    %pushi/vec4 1, 0, 1;
    %store/vec4 v0x55b9b9cebdf0_0, 0, 1;
T_8.6 ;
T_8.4 ;
    %jmp T_8.3;
T_8.1 ;
    %load/vec4 v0x55b9b9cebaf0_0;
    %inv;
    %flag_set/vec4 8;
    %jmp/0xz  T_8.8, 8;
    %load/vec4 v0x55b9b9cec150_0;
    %store/vec4 v0x55b9b9cebf90_0, 0, 5;
    %pushi/vec4 0, 0, 1;
    %store/vec4 v0x55b9b9cebdf0_0, 0, 1;
    %load/vec4 v0x55b9b9cec150_0;
    %load/vec4 v0x55b9b9cec660_0;
    %cmp/e;
    %jmp/0xz  T_8.10, 4;
    %pushi/vec4 1, 0, 1;
    %store/vec4 v0x55b9b9cebbb0_0, 0, 1;
T_8.10 ;
T_8.8 ;
    %jmp T_8.3;
T_8.2 ;
    %load/vec4 v0x55b9b9cec740_0;
    %store/vec4 v0x55b9b9cec580_0, 0, 5;
    %load/vec4 v0x55b9b9cec150_0;
    %store/vec4 v0x55b9b9cebf90_0, 0, 5;
    %jmp T_8.3;
T_8.3 ;
    %pop/vec4 1;
    %jmp T_8;
    .thread T_8, $push;
    .scope S_0x55b9b9ced6e0;
T_9 ;
    %wait E_0x55b9b9c52b70;
    %load/vec4 v0x55b9b9cef0f0_0;
    %flag_set/vec4 8;
    %jmp/0xz  T_9.0, 8;
    %load/vec4 v0x55b9b9ceecb0_0;
    %load/vec4 v0x55b9b9ceee70_0;
    %pad/u 7;
    %ix/vec4 3;
    %ix/load 4, 0, 0; Constant delay
    %assign/vec4/a/d v0x55b9b9cee000, 0, 4;
T_9.0 ;
    %jmp T_9;
    .thread T_9;
    .scope S_0x55b9b9ced6e0;
T_10 ;
    %wait E_0x55b9b9c72f90;
    %load/vec4 v0x55b9b9ceec10_0;
    %nor/r;
    %flag_set/vec4 8;
    %jmp/0xz  T_10.0, 8;
    %pushi/vec4 0, 0, 5;
    %assign/vec4 v0x55b9b9ceee70_0, 0;
    %pushi/vec4 0, 0, 5;
    %assign/vec4 v0x55b9b9cee880_0, 0;
    %pushi/vec4 0, 0, 1;
    %assign/vec4 v0x55b9b9cee540_0, 0;
    %pushi/vec4 0, 0, 1;
    %assign/vec4 v0x55b9b9cee270_0, 0;
    %jmp T_10.1;
T_10.0 ;
    %load/vec4 v0x55b9b9ceed90_0;
    %assign/vec4 v0x55b9b9ceee70_0, 0;
    %load/vec4 v0x55b9b9cee7a0_0;
    %assign/vec4 v0x55b9b9cee880_0, 0;
    %load/vec4 v0x55b9b9cee600_0;
    %assign/vec4 v0x55b9b9cee540_0, 0;
    %load/vec4 v0x55b9b9cee330_0;
    %assign/vec4 v0x55b9b9cee270_0, 0;
T_10.1 ;
    %jmp T_10;
    .thread T_10;
    .scope S_0x55b9b9ced6e0;
T_11 ;
    %wait E_0x55b9b9cedba0;
    %load/vec4 v0x55b9b9ceee70_0;
    %addi 1, 0, 5;
    %store/vec4 v0x55b9b9ceef50_0, 0, 5;
    %load/vec4 v0x55b9b9cee880_0;
    %addi 1, 0, 5;
    %store/vec4 v0x55b9b9cee960_0, 0, 5;
    %load/vec4 v0x55b9b9ceee70_0;
    %store/vec4 v0x55b9b9ceed90_0, 0, 5;
    %load/vec4 v0x55b9b9cee880_0;
    %store/vec4 v0x55b9b9cee7a0_0, 0, 5;
    %load/vec4 v0x55b9b9cee540_0;
    %store/vec4 v0x55b9b9cee600_0, 0, 1;
    %load/vec4 v0x55b9b9cee270_0;
    %store/vec4 v0x55b9b9cee330_0, 0, 1;
    %load/vec4 v0x55b9b9ceea40_0;
    %load/vec4 v0x55b9b9cef030_0;
    %concat/vec4; draw_concat_vec4
    %dup/vec4;
    %pushi/vec4 1, 0, 2;
    %cmp/u;
    %jmp/1 T_11.0, 6;
    %dup/vec4;
    %pushi/vec4 2, 0, 2;
    %cmp/u;
    %jmp/1 T_11.1, 6;
    %dup/vec4;
    %pushi/vec4 3, 0, 2;
    %cmp/u;
    %jmp/1 T_11.2, 6;
    %jmp T_11.3;
T_11.0 ;
    %load/vec4 v0x55b9b9cee540_0;
    %inv;
    %flag_set/vec4 8;
    %jmp/0xz  T_11.4, 8;
    %load/vec4 v0x55b9b9ceef50_0;
    %store/vec4 v0x55b9b9ceed90_0, 0, 5;
    %pushi/vec4 0, 0, 1;
    %store/vec4 v0x55b9b9cee330_0, 0, 1;
    %load/vec4 v0x55b9b9ceef50_0;
    %load/vec4 v0x55b9b9cee880_0;
    %cmp/e;
    %jmp/0xz  T_11.6, 4;
    %pushi/vec4 1, 0, 1;
    %store/vec4 v0x55b9b9cee600_0, 0, 1;
T_11.6 ;
T_11.4 ;
    %jmp T_11.3;
T_11.1 ;
    %load/vec4 v0x55b9b9cee270_0;
    %inv;
    %flag_set/vec4 8;
    %jmp/0xz  T_11.8, 8;
    %load/vec4 v0x55b9b9cee960_0;
    %store/vec4 v0x55b9b9cee7a0_0, 0, 5;
    %pushi/vec4 0, 0, 1;
    %store/vec4 v0x55b9b9cee600_0, 0, 1;
    %load/vec4 v0x55b9b9cee960_0;
    %load/vec4 v0x55b9b9ceee70_0;
    %cmp/e;
    %jmp/0xz  T_11.10, 4;
    %pushi/vec4 1, 0, 1;
    %store/vec4 v0x55b9b9cee330_0, 0, 1;
T_11.10 ;
T_11.8 ;
    %jmp T_11.3;
T_11.2 ;
    %load/vec4 v0x55b9b9ceef50_0;
    %store/vec4 v0x55b9b9ceed90_0, 0, 5;
    %load/vec4 v0x55b9b9cee960_0;
    %store/vec4 v0x55b9b9cee7a0_0, 0, 5;
    %jmp T_11.3;
T_11.3 ;
    %pop/vec4 1;
    %jmp T_11;
    .thread T_11, $push;
    .scope S_0x55b9b9cefca0;
T_12 ;
    %wait E_0x55b9b9c52b70;
    %load/vec4 v0x55b9b9cf06e0_0;
    %flag_set/vec4 8;
    %jmp/0xz  T_12.0, 8;
    %load/vec4 v0x55b9b9cf0600_0;
    %load/vec4 v0x55b9b9cf0520_0;
    %pad/u 7;
    %ix/vec4 3;
    %ix/load 4, 0, 0; Constant delay
    %assign/vec4/a/d v0x55b9b9cf01d0, 0, 4;
T_12.0 ;
    %jmp T_12;
    .thread T_12;
    .scope S_0x55b9b9cefca0;
T_13 ;
    %wait E_0x55b9b9c52b70;
    %load/vec4 v0x55b9b9cf0460_0;
    %flag_set/vec4 8;
    %jmp/0xz  T_13.0, 8;
    %load/vec4 v0x55b9b9cf0290_0;
    %pad/u 7;
    %ix/vec4 4;
    %load/vec4a v0x55b9b9cf01d0, 4;
    %assign/vec4 v0x55b9b9cf0380_0, 0;
T_13.0 ;
    %jmp T_13;
    .thread T_13;
    .scope S_0x55b9b9cb1880;
T_14 ;
    %pushi/vec4 0, 0, 32;
    %store/vec4 v0x55b9b9ce5da0_0, 0, 32;
T_14.0 ;
    %load/vec4 v0x55b9b9ce5da0_0;
    %cmpi/s 32, 0, 32;
    %jmp/0xz T_14.1, 5;
    %load/vec4 v0x55b9b9ce5da0_0;
    %pad/s 5;
    %ix/getv/s 4, v0x55b9b9ce5da0_0;
    %store/vec4a v0x55b9b9c9f0c0, 4, 0;
    %load/vec4 v0x55b9b9ce5da0_0;
    %addi 1, 0, 32;
    %store/vec4 v0x55b9b9ce5da0_0, 0, 32;
    %jmp T_14.0;
T_14.1 ;
    %end;
    .thread T_14;
    .scope S_0x55b9b9cb1880;
T_15 ;
    %wait E_0x55b9b9c52b70;
    %load/vec4 v0x55b9b9ce67c0_0;
    %flag_set/vec4 8;
    %jmp/0xz  T_15.0, 8;
    %load/vec4 v0x55b9b9ce6380_0;
    %load/vec4 v0x55b9b9ce6540_0;
    %pad/u 7;
    %ix/vec4 3;
    %ix/load 4, 0, 0; Constant delay
    %assign/vec4/a/d v0x55b9b9c9f0c0, 0, 4;
T_15.0 ;
    %jmp T_15;
    .thread T_15;
    .scope S_0x55b9b9cb1880;
T_16 ;
    %wait E_0x55b9b9c72f90;
    %load/vec4 v0x55b9b9ce62c0_0;
    %nor/r;
    %flag_set/vec4 8;
    %jmp/0xz  T_16.0, 8;
    %pushi/vec4 0, 0, 5;
    %assign/vec4 v0x55b9b9ce6540_0, 0;
    %pushi/vec4 0, 0, 5;
    %assign/vec4 v0x55b9b9ce6040_0, 0;
    %pushi/vec4 1, 0, 1;
    %assign/vec4 v0x55b9b9ce5c20_0, 0;
    %pushi/vec4 0, 0, 1;
    %assign/vec4 v0x55b9b9ce59e0_0, 0;
    %jmp T_16.1;
T_16.0 ;
    %load/vec4 v0x55b9b9ce6460_0;
    %assign/vec4 v0x55b9b9ce6540_0, 0;
    %load/vec4 v0x55b9b9ce5f60_0;
    %assign/vec4 v0x55b9b9ce6040_0, 0;
    %load/vec4 v0x55b9b9ce5ce0_0;
    %assign/vec4 v0x55b9b9ce5c20_0, 0;
    %load/vec4 v0x55b9b9ce5aa0_0;
    %assign/vec4 v0x55b9b9ce59e0_0, 0;
T_16.1 ;
    %jmp T_16;
    .thread T_16;
    .scope S_0x55b9b9cb1880;
T_17 ;
    %wait E_0x55b9b9c70270;
    %load/vec4 v0x55b9b9ce6540_0;
    %addi 1, 0, 5;
    %store/vec4 v0x55b9b9ce6620_0, 0, 5;
    %load/vec4 v0x55b9b9ce6040_0;
    %addi 1, 0, 5;
    %store/vec4 v0x55b9b9ce6120_0, 0, 5;
    %load/vec4 v0x55b9b9ce6540_0;
    %store/vec4 v0x55b9b9ce6460_0, 0, 5;
    %load/vec4 v0x55b9b9ce6040_0;
    %store/vec4 v0x55b9b9ce5f60_0, 0, 5;
    %load/vec4 v0x55b9b9ce5c20_0;
    %store/vec4 v0x55b9b9ce5ce0_0, 0, 1;
    %load/vec4 v0x55b9b9ce59e0_0;
    %store/vec4 v0x55b9b9ce5aa0_0, 0, 1;
    %load/vec4 v0x55b9b9ce6200_0;
    %load/vec4 v0x55b9b9ce6700_0;
    %concat/vec4; draw_concat_vec4
    %dup/vec4;
    %pushi/vec4 1, 0, 2;
    %cmp/u;
    %jmp/1 T_17.0, 6;
    %dup/vec4;
    %pushi/vec4 2, 0, 2;
    %cmp/u;
    %jmp/1 T_17.1, 6;
    %dup/vec4;
    %pushi/vec4 3, 0, 2;
    %cmp/u;
    %jmp/1 T_17.2, 6;
    %jmp T_17.3;
T_17.0 ;
    %load/vec4 v0x55b9b9ce5c20_0;
    %inv;
    %flag_set/vec4 8;
    %jmp/0xz  T_17.4, 8;
    %load/vec4 v0x55b9b9ce6620_0;
    %store/vec4 v0x55b9b9ce6460_0, 0, 5;
    %pushi/vec4 0, 0, 1;
    %store/vec4 v0x55b9b9ce5aa0_0, 0, 1;
    %load/vec4 v0x55b9b9ce6620_0;
    %load/vec4 v0x55b9b9ce6040_0;
    %cmp/e;
    %jmp/0xz  T_17.6, 4;
    %pushi/vec4 1, 0, 1;
    %store/vec4 v0x55b9b9ce5ce0_0, 0, 1;
T_17.6 ;
T_17.4 ;
    %jmp T_17.3;
T_17.1 ;
    %load/vec4 v0x55b9b9ce59e0_0;
    %inv;
    %flag_set/vec4 8;
    %jmp/0xz  T_17.8, 8;
    %load/vec4 v0x55b9b9ce6120_0;
    %store/vec4 v0x55b9b9ce5f60_0, 0, 5;
    %pushi/vec4 0, 0, 1;
    %store/vec4 v0x55b9b9ce5ce0_0, 0, 1;
    %load/vec4 v0x55b9b9ce6120_0;
    %load/vec4 v0x55b9b9ce6540_0;
    %cmp/e;
    %jmp/0xz  T_17.10, 4;
    %pushi/vec4 1, 0, 1;
    %store/vec4 v0x55b9b9ce5aa0_0, 0, 1;
T_17.10 ;
T_17.8 ;
    %jmp T_17.3;
T_17.2 ;
    %load/vec4 v0x55b9b9ce6620_0;
    %store/vec4 v0x55b9b9ce6460_0, 0, 5;
    %load/vec4 v0x55b9b9ce6120_0;
    %store/vec4 v0x55b9b9ce5f60_0, 0, 5;
    %jmp T_17.3;
T_17.3 ;
    %pop/vec4 1;
    %jmp T_17;
    .thread T_17, $push;
    .scope S_0x55b9b9ca7280;
T_18 ;
    %wait E_0x55b9b9c72f90;
    %load/vec4 v0x55b9b9cf1f80_0;
    %nor/r;
    %flag_set/vec4 8;
    %jmp/0xz  T_18.0, 8;
    %pushi/vec4 0, 0, 1;
    %assign/vec4 v0x55b9b9cf1ee0_0, 0;
    %jmp T_18.1;
T_18.0 ;
    %load/vec4 v0x55b9b9cf1e40_0;
    %assign/vec4 v0x55b9b9cf1ee0_0, 0;
T_18.1 ;
    %jmp T_18;
    .thread T_18;
    .scope S_0x55b9b9ca7280;
T_19 ;
    %wait E_0x55b9b9c72020;
    %ix/load 4, 0, 0;
    %flag_set/imm 4, 0;
    %load/vec4a v0x55b9b9cf12e0, 4;
    %store/vec4 v0x55b9b9cf1c60_0, 0, 1;
    %pushi/vec4 1, 0, 32;
    %store/vec4 v0x55b9b9cf10b0_0, 0, 32;
T_19.0 ;
    %load/vec4 v0x55b9b9cf10b0_0;
    %cmpi/s 4, 0, 32;
    %jmp/0xz T_19.1, 5;
    %load/vec4 v0x55b9b9cf1c60_0;
    %ix/getv/s 4, v0x55b9b9cf10b0_0;
    %load/vec4a v0x55b9b9cf12e0, 4;
    %or;
    %store/vec4 v0x55b9b9cf1c60_0, 0, 1;
    %load/vec4 v0x55b9b9cf10b0_0;
    %addi 1, 0, 32;
    %store/vec4 v0x55b9b9cf10b0_0, 0, 32;
    %jmp T_19.0;
T_19.1 ;
    %jmp T_19;
    .thread T_19, $push;
    .scope S_0x55b9b9cc45b0;
T_20 ;
    %delay 1000, 0;
    %load/vec4 v0x55b9b9cf2950_0;
    %inv;
    %store/vec4 v0x55b9b9cf2950_0, 0, 1;
    %jmp T_20;
    .thread T_20;
    .scope S_0x55b9b9cc45b0;
T_21 ;
    %pushi/vec4 0, 0, 1;
    %store/vec4 v0x55b9b9cf2950_0, 0, 1;
    %pushi/vec4 0, 0, 1;
    %store/vec4 v0x55b9b9cf2e00_0, 0, 1;
    %pushi/vec4 1, 0, 8;
    %store/vec4 v0x55b9b9cf2f70_0, 0, 8;
    %pushi/vec4 0, 0, 2;
    %store/vec4 v0x55b9b9cf2ea0_0, 0, 2;
    %pushi/vec4 0, 0, 1;
    %store/vec4 v0x55b9b9cf3040_0, 0, 1;
    %pushi/vec4 0, 0, 2;
    %store/vec4 v0x55b9b9cf2ba0_0, 0, 2;
    %pushi/vec4 0, 0, 1;
    %store/vec4 v0x55b9b9cf2d30_0, 0, 1;
    %delay 40000, 0;
    %pushi/vec4 1, 0, 1;
    %store/vec4 v0x55b9b9cf2e00_0, 0, 1;
    %delay 40000, 0;
    %pushi/vec4 0, 0, 32;
    %store/vec4 v0x55b9b9cf2ab0_0, 0, 32;
T_21.0 ;
    %load/vec4 v0x55b9b9cf2ab0_0;
    %cmpi/s 4, 0, 32;
    %jmp/0xz T_21.1, 5;
    %pushi/vec4 0, 0, 32;
    %store/vec4 v0x55b9b9cf29f0_0, 0, 32;
T_21.2 ;
    %load/vec4 v0x55b9b9cf29f0_0;
    %cmpi/s 4, 0, 32;
    %jmp/0xz T_21.3, 5;
    %load/vec4 v0x55b9b9cf2ab0_0;
    %muli 4, 0, 32;
    %load/vec4 v0x55b9b9cf29f0_0;
    %add;
    %pad/s 8;
    %store/vec4 v0x55b9b9cf2f70_0, 0, 8;
    %load/vec4 v0x55b9b9cf29f0_0;
    %pad/s 2;
    %store/vec4 v0x55b9b9cf2ea0_0, 0, 2;
    %delay 10000, 0;
    %pushi/vec4 1, 0, 1;
    %store/vec4 v0x55b9b9cf3040_0, 0, 1;
    %delay 2000, 0;
    %pushi/vec4 0, 0, 1;
    %store/vec4 v0x55b9b9cf3040_0, 0, 1;
    %load/vec4 v0x55b9b9cf29f0_0;
    %addi 1, 0, 32;
    %store/vec4 v0x55b9b9cf29f0_0, 0, 32;
    %jmp T_21.2;
T_21.3 ;
    %load/vec4 v0x55b9b9cf2ab0_0;
    %addi 1, 0, 32;
    %store/vec4 v0x55b9b9cf2ab0_0, 0, 32;
    %jmp T_21.0;
T_21.1 ;
    %delay 40000, 0;
    %pushi/vec4 0, 0, 32;
    %store/vec4 v0x55b9b9cf2ab0_0, 0, 32;
T_21.4 ;
    %load/vec4 v0x55b9b9cf2ab0_0;
    %cmpi/s 4, 0, 32;
    %jmp/0xz T_21.5, 5;
    %pushi/vec4 0, 0, 32;
    %store/vec4 v0x55b9b9cf29f0_0, 0, 32;
T_21.6 ;
    %load/vec4 v0x55b9b9cf29f0_0;
    %cmpi/s 4, 0, 32;
    %jmp/0xz T_21.7, 5;
    %load/vec4 v0x55b9b9cf2ab0_0;
    %pad/s 2;
    %store/vec4 v0x55b9b9cf2ba0_0, 0, 2;
    %pushi/vec4 1, 0, 1;
    %store/vec4 v0x55b9b9cf2d30_0, 0, 1;
    %delay 2000, 0;
    %pushi/vec4 0, 0, 1;
    %store/vec4 v0x55b9b9cf2d30_0, 0, 1;
    %delay 10000, 0;
    %load/vec4 v0x55b9b9cf29f0_0;
    %addi 1, 0, 32;
    %store/vec4 v0x55b9b9cf29f0_0, 0, 32;
    %jmp T_21.6;
T_21.7 ;
    %load/vec4 v0x55b9b9cf2ab0_0;
    %addi 1, 0, 32;
    %store/vec4 v0x55b9b9cf2ab0_0, 0, 32;
    %jmp T_21.4;
T_21.5 ;
    %delay 40000, 0;
    %vpi_call 2 74 "$stop" {0 0 0};
    %end;
    .thread T_21;
    .scope S_0x55b9b9cc45b0;
T_22 ;
    %vpi_call 2 80 "$dumpfile", "wave.vcd" {0 0 0};
    %vpi_call 2 81 "$dumpvars", 32'sb00000000000000000000000000000000, S_0x55b9b9ca7280 {0 0 0};
    %end;
    .thread T_22;
# The file index is used to find the file name in the following table.
:file_names 7;
    "N/A";
    "<interactive>";
    "voq_tb.v";
    "../voq.v";
    "../free_ptr_fifo.v";
    "../fifo.v";
    "../ram.v";
